2026-04-21 14:40:57 | INFO     | WhatsAppWatcher | Vault root   : D:\Hackthon_0\silver_tier_3
2026-04-21 14:40:57 | INFO     | WhatsAppWatcher | Destination  : D:\Hackthon_0\silver_tier_3\Needs_Action
2026-04-21 14:40:57 | INFO     | WhatsAppWatcher | Profile dir  : D:\Hackthon_0\silver_tier_3\Logs\whatsapp_profile
2026-04-21 14:40:57 | INFO     | WhatsAppWatcher | Keywords     : ['urgent', 'invoice', 'payment', 'pricing', 'asap']
2026-04-21 14:40:57 | INFO     | WhatsAppWatcher | Poll interval: 30s
2026-04-21 14:40:57 | INFO     | WhatsAppWatcher | Headless     : False
2026-04-21 14:40:57 | INFO     | WhatsAppWatcher | Launching Chromium (headless=False)…
2026-04-21 14:41:01 | INFO     | WhatsAppWatcher | Browser started.
2026-04-21 14:41:01 | INFO     | WhatsAppWatcher | Navigating to WhatsApp Web…
2026-04-21 14:42:07 | ERROR    | WhatsAppWatcher | Timed out waiting for WhatsApp Web. If not logged in, run: python watchers/whatsapp_watcher.py --setup
2026-04-21 14:42:07 | ERROR    | WhatsAppWatcher | Could not load WhatsApp Web. Exiting.
2026-04-21 14:42:08 | INFO     | WhatsAppWatcher | Browser stopped.
2026-04-21 14:42:09 | INFO     | WhatsAppWatcher | Vault root   : D:\Hackthon_0\silver_tier_3
2026-04-21 14:42:09 | INFO     | WhatsAppWatcher | Destination  : D:\Hackthon_0\silver_tier_3\Needs_Action
2026-04-21 14:42:09 | INFO     | WhatsAppWatcher | Profile dir  : D:\Hackthon_0\silver_tier_3\Logs\whatsapp_profile
2026-04-21 14:42:09 | INFO     | WhatsAppWatcher | Keywords     : ['urgent', 'invoice', 'payment', 'pricing', 'asap']
2026-04-21 14:42:09 | INFO     | WhatsAppWatcher | Poll interval: 30s
2026-04-21 14:42:09 | INFO     | WhatsAppWatcher | Headless     : False
2026-04-21 14:42:09 | INFO     | WhatsAppWatcher | Launching Chromium (headless=False)…
2026-04-21 14:42:12 | INFO     | WhatsAppWatcher | Browser started.
2026-04-21 14:42:12 | INFO     | WhatsAppWatcher | Navigating to WhatsApp Web…
2026-04-21 14:43:16 | ERROR    | WhatsAppWatcher | Timed out waiting for WhatsApp Web. If not logged in, run: python watchers/whatsapp_watcher.py --setup
2026-04-21 14:43:16 | ERROR    | WhatsAppWatcher | Could not load WhatsApp Web. Exiting.
2026-04-21 14:43:17 | INFO     | WhatsAppWatcher | Browser stopped.
2026-04-21 14:43:17 | INFO     | WhatsAppWatcher | Vault root   : D:\Hackthon_0\silver_tier_3
2026-04-21 14:43:17 | INFO     | WhatsAppWatcher | Destination  : D:\Hackthon_0\silver_tier_3\Needs_Action
2026-04-21 14:43:17 | INFO     | WhatsAppWatcher | Profile dir  : D:\Hackthon_0\silver_tier_3\Logs\whatsapp_profile
2026-04-21 14:43:17 | INFO     | WhatsAppWatcher | Keywords     : ['urgent', 'invoice', 'payment', 'pricing', 'asap']
2026-04-21 14:43:17 | INFO     | WhatsAppWatcher | Poll interval: 30s
2026-04-21 14:43:17 | INFO     | WhatsAppWatcher | Headless     : False
2026-04-21 14:43:17 | INFO     | WhatsAppWatcher | Launching Chromium (headless=False)…
2026-04-21 14:43:20 | INFO     | WhatsAppWatcher | Browser started.
2026-04-21 14:43:20 | INFO     | WhatsAppWatcher | Navigating to WhatsApp Web…
2026-04-21 14:44:22 | ERROR    | WhatsAppWatcher | Timed out waiting for WhatsApp Web. If not logged in, run: python watchers/whatsapp_watcher.py --setup
2026-04-21 14:44:22 | ERROR    | WhatsAppWatcher | Could not load WhatsApp Web. Exiting.
2026-04-21 14:44:23 | INFO     | WhatsAppWatcher | Browser stopped.
2026-04-21 14:44:24 | INFO     | WhatsAppWatcher | Vault root   : D:\Hackthon_0\silver_tier_3
2026-04-21 14:44:24 | INFO     | WhatsAppWatcher | Destination  : D:\Hackthon_0\silver_tier_3\Needs_Action
2026-04-21 14:44:24 | INFO     | WhatsAppWatcher | Profile dir  : D:\Hackthon_0\silver_tier_3\Logs\whatsapp_profile
2026-04-21 14:44:24 | INFO     | WhatsAppWatcher | Keywords     : ['urgent', 'invoice', 'payment', 'pricing', 'asap']
2026-04-21 14:44:24 | INFO     | WhatsAppWatcher | Poll interval: 30s
2026-04-21 14:44:24 | INFO     | WhatsAppWatcher | Headless     : False
2026-04-21 14:44:24 | INFO     | WhatsAppWatcher | Launching Chromium (headless=False)…
2026-04-21 14:44:27 | INFO     | WhatsAppWatcher | Browser started.
2026-04-21 14:44:27 | INFO     | WhatsAppWatcher | Navigating to WhatsApp Web…
2026-04-21 14:45:28 | ERROR    | WhatsAppWatcher | Timed out waiting for WhatsApp Web. If not logged in, run: python watchers/whatsapp_watcher.py --setup
2026-04-21 14:45:28 | ERROR    | WhatsAppWatcher | Could not load WhatsApp Web. Exiting.
2026-04-21 14:45:29 | INFO     | WhatsAppWatcher | Browser stopped.
2026-04-21 14:45:29 | INFO     | WhatsAppWatcher | Vault root   : D:\Hackthon_0\silver_tier_3
2026-04-21 14:45:29 | INFO     | WhatsAppWatcher | Destination  : D:\Hackthon_0\silver_tier_3\Needs_Action
2026-04-21 14:45:29 | INFO     | WhatsAppWatcher | Profile dir  : D:\Hackthon_0\silver_tier_3\Logs\whatsapp_profile
2026-04-21 14:45:29 | INFO     | WhatsAppWatcher | Keywords     : ['urgent', 'invoice', 'payment', 'pricing', 'asap']
2026-04-21 14:45:29 | INFO     | WhatsAppWatcher | Poll interval: 30s
2026-04-21 14:45:29 | INFO     | WhatsAppWatcher | Headless     : False
2026-04-21 14:45:29 | INFO     | WhatsAppWatcher | Launching Chromium (headless=False)…
2026-04-21 14:45:33 | INFO     | WhatsAppWatcher | Browser started.
2026-04-21 14:45:33 | INFO     | WhatsAppWatcher | Navigating to WhatsApp Web…
2026-04-21 14:45:44 | INFO     | WhatsAppWatcher | WhatsApp Web loaded and logged in.
2026-04-21 14:45:44 | INFO     | WhatsAppWatcher | WhatsAppWatcher started. Press Ctrl+C to stop.
2026-04-21 14:45:44 | DEBUG    | WhatsAppWatcher | --- WhatsApp poll cycle ---
2026-04-21 14:45:44 | DEBUG    | WhatsAppWatcher | No unread chats found.
2026-04-21 14:45:44 | DEBUG    | WhatsAppWatcher | Sleeping 30s before next poll.
2026-04-21 14:46:14 | DEBUG    | WhatsAppWatcher | --- WhatsApp poll cycle ---
2026-04-21 14:46:14 | DEBUG    | WhatsAppWatcher | No unread chats found.
2026-04-21 14:46:14 | DEBUG    | WhatsAppWatcher | Sleeping 30s before next poll.
2026-04-21 14:46:44 | DEBUG    | WhatsAppWatcher | --- WhatsApp poll cycle ---
2026-04-21 14:46:44 | DEBUG    | WhatsAppWatcher | No unread chats found.
2026-04-21 14:46:44 | DEBUG    | WhatsAppWatcher | Sleeping 30s before next poll.
2026-04-21 14:47:14 | DEBUG    | WhatsAppWatcher | --- WhatsApp poll cycle ---
2026-04-21 14:47:14 | DEBUG    | WhatsAppWatcher | No unread chats found.
2026-04-21 14:47:14 | DEBUG    | WhatsAppWatcher | Sleeping 30s before next poll.
2026-04-21 14:47:44 | DEBUG    | WhatsAppWatcher | --- WhatsApp poll cycle ---
2026-04-21 14:47:44 | DEBUG    | WhatsAppWatcher | No unread chats found.
2026-04-21 14:47:44 | DEBUG    | WhatsAppWatcher | Sleeping 30s before next poll.
2026-04-21 14:48:14 | DEBUG    | WhatsAppWatcher | --- WhatsApp poll cycle ---
2026-04-21 14:48:15 | DEBUG    | WhatsAppWatcher | No unread chats found.
2026-04-21 14:48:15 | DEBUG    | WhatsAppWatcher | Sleeping 30s before next poll.
2026-04-21 14:48:45 | DEBUG    | WhatsAppWatcher | --- WhatsApp poll cycle ---
2026-04-21 14:48:45 | DEBUG    | WhatsAppWatcher | No unread chats found.
2026-04-21 14:48:45 | DEBUG    | WhatsAppWatcher | Sleeping 30s before next poll.
2026-04-21 14:49:15 | DEBUG    | WhatsAppWatcher | --- WhatsApp poll cycle ---
2026-04-21 14:49:15 | DEBUG    | WhatsAppWatcher | No unread chats found.
2026-04-21 14:49:15 | DEBUG    | WhatsAppWatcher | Sleeping 30s before next poll.
2026-04-21 14:49:45 | DEBUG    | WhatsAppWatcher | --- WhatsApp poll cycle ---
2026-04-21 14:49:45 | DEBUG    | WhatsAppWatcher | No unread chats found.
2026-04-21 14:49:45 | DEBUG    | WhatsAppWatcher | Sleeping 30s before next poll.
2026-04-21 14:50:15 | DEBUG    | WhatsAppWatcher | --- WhatsApp poll cycle ---
2026-04-21 14:50:15 | DEBUG    | WhatsAppWatcher | No unread chats found.
2026-04-21 14:50:15 | DEBUG    | WhatsAppWatcher | Sleeping 30s before next poll.
2026-04-21 14:50:45 | DEBUG    | WhatsAppWatcher | --- WhatsApp poll cycle ---
2026-04-21 14:50:45 | DEBUG    | WhatsAppWatcher | No unread chats found.
2026-04-21 14:50:45 | DEBUG    | WhatsAppWatcher | Sleeping 30s before next poll.
2026-04-21 14:51:15 | DEBUG    | WhatsAppWatcher | --- WhatsApp poll cycle ---
2026-04-21 14:51:15 | DEBUG    | WhatsAppWatcher | No unread chats found.
2026-04-21 14:51:15 | DEBUG    | WhatsAppWatcher | Sleeping 30s before next poll.
2026-04-21 14:51:45 | DEBUG    | WhatsAppWatcher | --- WhatsApp poll cycle ---
2026-04-21 14:51:45 | DEBUG    | WhatsAppWatcher | No unread chats found.
2026-04-21 14:51:45 | DEBUG    | WhatsAppWatcher | Sleeping 30s before next poll.
2026-04-21 14:52:15 | DEBUG    | WhatsAppWatcher | --- WhatsApp poll cycle ---
2026-04-21 14:52:15 | DEBUG    | WhatsAppWatcher | No unread chats found.
2026-04-21 14:52:15 | DEBUG    | WhatsAppWatcher | Sleeping 30s before next poll.
2026-04-21 14:52:45 | DEBUG    | WhatsAppWatcher | --- WhatsApp poll cycle ---
2026-04-21 14:52:45 | DEBUG    | WhatsAppWatcher | No unread chats found.
2026-04-21 14:52:45 | DEBUG    | WhatsAppWatcher | Sleeping 30s before next poll.
2026-04-21 14:53:15 | DEBUG    | WhatsAppWatcher | --- WhatsApp poll cycle ---
2026-04-21 14:53:15 | DEBUG    | WhatsAppWatcher | No unread chats found.
2026-04-21 14:53:15 | DEBUG    | WhatsAppWatcher | Sleeping 30s before next poll.
2026-04-21 14:53:45 | DEBUG    | WhatsAppWatcher | --- WhatsApp poll cycle ---
2026-04-21 14:53:45 | DEBUG    | WhatsAppWatcher | No unread chats found.
2026-04-21 14:53:45 | DEBUG    | WhatsAppWatcher | Sleeping 30s before next poll.
2026-04-21 14:54:15 | DEBUG    | WhatsAppWatcher | --- WhatsApp poll cycle ---
2026-04-21 14:54:15 | DEBUG    | WhatsAppWatcher | No unread chats found.
2026-04-21 14:54:15 | DEBUG    | WhatsAppWatcher | Sleeping 30s before next poll.
2026-04-21 14:54:45 | DEBUG    | WhatsAppWatcher | --- WhatsApp poll cycle ---
2026-04-21 14:54:45 | DEBUG    | WhatsAppWatcher | No unread chats found.
2026-04-21 14:54:45 | DEBUG    | WhatsAppWatcher | Sleeping 30s before next poll.
2026-04-21 14:55:15 | DEBUG    | WhatsAppWatcher | --- WhatsApp poll cycle ---
2026-04-21 14:55:15 | DEBUG    | WhatsAppWatcher | No unread chats found.
2026-04-21 14:55:15 | DEBUG    | WhatsAppWatcher | Sleeping 30s before next poll.
2026-04-21 14:55:45 | DEBUG    | WhatsAppWatcher | --- WhatsApp poll cycle ---
2026-04-21 14:55:45 | DEBUG    | WhatsAppWatcher | No unread chats found.
2026-04-21 14:55:45 | DEBUG    | WhatsAppWatcher | Sleeping 30s before next poll.
2026-04-21 14:56:15 | DEBUG    | WhatsAppWatcher | --- WhatsApp poll cycle ---
2026-04-21 14:56:15 | DEBUG    | WhatsAppWatcher | No unread chats found.
2026-04-21 14:56:15 | DEBUG    | WhatsAppWatcher | Sleeping 30s before next poll.
2026-04-21 14:56:45 | DEBUG    | WhatsAppWatcher | --- WhatsApp poll cycle ---
2026-04-21 14:56:45 | DEBUG    | WhatsAppWatcher | No unread chats found.
2026-04-21 14:56:45 | DEBUG    | WhatsAppWatcher | Sleeping 30s before next poll.
2026-04-21 14:57:15 | DEBUG    | WhatsAppWatcher | --- WhatsApp poll cycle ---
2026-04-21 14:57:15 | DEBUG    | WhatsAppWatcher | No unread chats found.
2026-04-21 14:57:15 | DEBUG    | WhatsAppWatcher | Sleeping 30s before next poll.
2026-04-21 14:57:45 | DEBUG    | WhatsAppWatcher | --- WhatsApp poll cycle ---
2026-04-21 14:57:45 | DEBUG    | WhatsAppWatcher | No unread chats found.
2026-04-21 14:57:45 | DEBUG    | WhatsAppWatcher | Sleeping 30s before next poll.
2026-04-21 14:58:15 | DEBUG    | WhatsAppWatcher | --- WhatsApp poll cycle ---
2026-04-21 14:58:15 | DEBUG    | WhatsAppWatcher | No unread chats found.
2026-04-21 14:58:15 | DEBUG    | WhatsAppWatcher | Sleeping 30s before next poll.
2026-04-21 14:58:45 | DEBUG    | WhatsAppWatcher | --- WhatsApp poll cycle ---
2026-04-21 14:58:45 | DEBUG    | WhatsAppWatcher | No unread chats found.
2026-04-21 14:58:45 | DEBUG    | WhatsAppWatcher | Sleeping 30s before next poll.
2026-04-21 14:59:15 | DEBUG    | WhatsAppWatcher | --- WhatsApp poll cycle ---
2026-04-21 14:59:15 | DEBUG    | WhatsAppWatcher | No unread chats found.
2026-04-21 14:59:15 | DEBUG    | WhatsAppWatcher | Sleeping 30s before next poll.
2026-04-21 14:59:45 | DEBUG    | WhatsAppWatcher | --- WhatsApp poll cycle ---
2026-04-21 14:59:45 | DEBUG    | WhatsAppWatcher | No unread chats found.
2026-04-21 14:59:45 | DEBUG    | WhatsAppWatcher | Sleeping 30s before next poll.
2026-04-21 15:00:15 | DEBUG    | WhatsAppWatcher | --- WhatsApp poll cycle ---
2026-04-21 15:00:15 | DEBUG    | WhatsAppWatcher | No unread chats found.
2026-04-21 15:00:15 | DEBUG    | WhatsAppWatcher | Sleeping 30s before next poll.
2026-04-21 15:00:45 | DEBUG    | WhatsAppWatcher | --- WhatsApp poll cycle ---
2026-04-21 15:00:45 | DEBUG    | WhatsAppWatcher | No unread chats found.
2026-04-21 15:00:45 | DEBUG    | WhatsAppWatcher | Sleeping 30s before next poll.
2026-04-21 15:01:15 | DEBUG    | WhatsAppWatcher | --- WhatsApp poll cycle ---
2026-04-21 15:01:15 | DEBUG    | WhatsAppWatcher | No unread chats found.
2026-04-21 15:01:15 | DEBUG    | WhatsAppWatcher | Sleeping 30s before next poll.
2026-04-21 15:01:45 | DEBUG    | WhatsAppWatcher | --- WhatsApp poll cycle ---
2026-04-21 15:01:45 | DEBUG    | WhatsAppWatcher | No unread chats found.
2026-04-21 15:01:45 | DEBUG    | WhatsAppWatcher | Sleeping 30s before next poll.
2026-04-21 15:02:15 | DEBUG    | WhatsAppWatcher | --- WhatsApp poll cycle ---
2026-04-21 15:02:15 | DEBUG    | WhatsAppWatcher | No unread chats found.
2026-04-21 15:02:15 | DEBUG    | WhatsAppWatcher | Sleeping 30s before next poll.
2026-04-21 15:02:45 | DEBUG    | WhatsAppWatcher | --- WhatsApp poll cycle ---
2026-04-21 15:02:45 | DEBUG    | WhatsAppWatcher | No unread chats found.
2026-04-21 15:02:45 | DEBUG    | WhatsAppWatcher | Sleeping 30s before next poll.
2026-04-21 15:03:15 | DEBUG    | WhatsAppWatcher | --- WhatsApp poll cycle ---
2026-04-21 15:03:15 | DEBUG    | WhatsAppWatcher | No unread chats found.
2026-04-21 15:03:15 | DEBUG    | WhatsAppWatcher | Sleeping 30s before next poll.
2026-04-21 15:03:45 | DEBUG    | WhatsAppWatcher | --- WhatsApp poll cycle ---
2026-04-21 15:03:45 | DEBUG    | WhatsAppWatcher | No unread chats found.
2026-04-21 15:03:45 | DEBUG    | WhatsAppWatcher | Sleeping 30s before next poll.
2026-04-21 15:04:15 | DEBUG    | WhatsAppWatcher | --- WhatsApp poll cycle ---
2026-04-21 15:04:16 | DEBUG    | WhatsAppWatcher | No unread chats found.
2026-04-21 15:04:16 | DEBUG    | WhatsAppWatcher | Sleeping 30s before next poll.
2026-04-21 15:04:46 | DEBUG    | WhatsAppWatcher | --- WhatsApp poll cycle ---
2026-04-21 15:04:46 | DEBUG    | WhatsAppWatcher | No unread chats found.
2026-04-21 15:04:46 | DEBUG    | WhatsAppWatcher | Sleeping 30s before next poll.
2026-04-21 15:05:16 | DEBUG    | WhatsAppWatcher | --- WhatsApp poll cycle ---
2026-04-21 15:05:16 | DEBUG    | WhatsAppWatcher | No unread chats found.
2026-04-21 15:05:16 | DEBUG    | WhatsAppWatcher | Sleeping 30s before next poll.
2026-04-21 15:05:46 | DEBUG    | WhatsAppWatcher | --- WhatsApp poll cycle ---
2026-04-21 15:05:46 | DEBUG    | WhatsAppWatcher | No unread chats found.
2026-04-21 15:05:46 | DEBUG    | WhatsAppWatcher | Sleeping 30s before next poll.
2026-04-21 15:06:16 | DEBUG    | WhatsAppWatcher | --- WhatsApp poll cycle ---
2026-04-21 15:06:16 | DEBUG    | WhatsAppWatcher | No unread chats found.
2026-04-21 15:06:16 | DEBUG    | WhatsAppWatcher | Sleeping 30s before next poll.
2026-04-21 15:06:46 | DEBUG    | WhatsAppWatcher | --- WhatsApp poll cycle ---
2026-04-21 15:06:46 | DEBUG    | WhatsAppWatcher | No unread chats found.
2026-04-21 15:06:46 | DEBUG    | WhatsAppWatcher | Sleeping 30s before next poll.
2026-04-21 15:07:16 | DEBUG    | WhatsAppWatcher | --- WhatsApp poll cycle ---
2026-04-21 15:07:16 | DEBUG    | WhatsAppWatcher | No unread chats found.
2026-04-21 15:07:16 | DEBUG    | WhatsAppWatcher | Sleeping 30s before next poll.
2026-04-21 15:07:46 | DEBUG    | WhatsAppWatcher | --- WhatsApp poll cycle ---
2026-04-21 15:07:46 | DEBUG    | WhatsAppWatcher | No unread chats found.
2026-04-21 15:07:46 | DEBUG    | WhatsAppWatcher | Sleeping 30s before next poll.
2026-04-21 15:08:16 | DEBUG    | WhatsAppWatcher | --- WhatsApp poll cycle ---
2026-04-21 15:08:16 | DEBUG    | WhatsAppWatcher | No unread chats found.
2026-04-21 15:08:16 | DEBUG    | WhatsAppWatcher | Sleeping 30s before next poll.
2026-04-21 15:08:46 | DEBUG    | WhatsAppWatcher | --- WhatsApp poll cycle ---
2026-04-21 15:08:46 | DEBUG    | WhatsAppWatcher | No unread chats found.
2026-04-21 15:08:46 | DEBUG    | WhatsAppWatcher | Sleeping 30s before next poll.
2026-04-21 15:09:16 | DEBUG    | WhatsAppWatcher | --- WhatsApp poll cycle ---
2026-04-21 15:09:16 | DEBUG    | WhatsAppWatcher | No unread chats found.
2026-04-21 15:09:16 | DEBUG    | WhatsAppWatcher | Sleeping 30s before next poll.
2026-04-21 15:09:46 | DEBUG    | WhatsAppWatcher | --- WhatsApp poll cycle ---
2026-04-21 15:09:46 | DEBUG    | WhatsAppWatcher | No unread chats found.
2026-04-21 15:09:46 | DEBUG    | WhatsAppWatcher | Sleeping 30s before next poll.
2026-04-21 15:10:16 | DEBUG    | WhatsAppWatcher | --- WhatsApp poll cycle ---
2026-04-21 15:10:16 | DEBUG    | WhatsAppWatcher | No unread chats found.
2026-04-21 15:10:16 | DEBUG    | WhatsAppWatcher | Sleeping 30s before next poll.
2026-04-21 15:10:46 | DEBUG    | WhatsAppWatcher | --- WhatsApp poll cycle ---
2026-04-21 15:10:46 | DEBUG    | WhatsAppWatcher | No unread chats found.
2026-04-21 15:10:46 | DEBUG    | WhatsAppWatcher | Sleeping 30s before next poll.
2026-04-21 15:11:16 | DEBUG    | WhatsAppWatcher | --- WhatsApp poll cycle ---
2026-04-21 15:11:16 | DEBUG    | WhatsAppWatcher | No unread chats found.
2026-04-21 15:11:16 | DEBUG    | WhatsAppWatcher | Sleeping 30s before next poll.
2026-04-21 15:11:46 | DEBUG    | WhatsAppWatcher | --- WhatsApp poll cycle ---
2026-04-21 15:11:46 | DEBUG    | WhatsAppWatcher | No unread chats found.
2026-04-21 15:11:46 | DEBUG    | WhatsAppWatcher | Sleeping 30s before next poll.
2026-04-21 15:12:16 | DEBUG    | WhatsAppWatcher | --- WhatsApp poll cycle ---
2026-04-21 15:12:16 | DEBUG    | WhatsAppWatcher | No unread chats found.
2026-04-21 15:12:16 | DEBUG    | WhatsAppWatcher | Sleeping 30s before next poll.
2026-04-21 15:12:46 | DEBUG    | WhatsAppWatcher | --- WhatsApp poll cycle ---
2026-04-21 15:12:46 | DEBUG    | WhatsAppWatcher | No unread chats found.
2026-04-21 15:12:46 | DEBUG    | WhatsAppWatcher | Sleeping 30s before next poll.
2026-04-21 15:13:16 | DEBUG    | WhatsAppWatcher | --- WhatsApp poll cycle ---
2026-04-21 15:13:16 | DEBUG    | WhatsAppWatcher | No unread chats found.
2026-04-21 15:13:16 | DEBUG    | WhatsAppWatcher | Sleeping 30s before next poll.
2026-04-21 15:13:46 | DEBUG    | WhatsAppWatcher | --- WhatsApp poll cycle ---
2026-04-21 15:13:46 | DEBUG    | WhatsAppWatcher | No unread chats found.
2026-04-21 15:13:46 | DEBUG    | WhatsAppWatcher | Sleeping 30s before next poll.
2026-04-21 15:14:16 | DEBUG    | WhatsAppWatcher | --- WhatsApp poll cycle ---
2026-04-21 15:14:16 | DEBUG    | WhatsAppWatcher | No unread chats found.
2026-04-21 15:14:16 | DEBUG    | WhatsAppWatcher | Sleeping 30s before next poll.
2026-04-21 15:14:46 | DEBUG    | WhatsAppWatcher | --- WhatsApp poll cycle ---
2026-04-21 15:14:46 | DEBUG    | WhatsAppWatcher | No unread chats found.
2026-04-21 15:14:46 | DEBUG    | WhatsAppWatcher | Sleeping 30s before next poll.
2026-04-21 15:15:16 | DEBUG    | WhatsAppWatcher | --- WhatsApp poll cycle ---
2026-04-21 15:15:16 | DEBUG    | WhatsAppWatcher | No unread chats found.
2026-04-21 15:15:16 | DEBUG    | WhatsAppWatcher | Sleeping 30s before next poll.
2026-04-21 15:15:46 | DEBUG    | WhatsAppWatcher | --- WhatsApp poll cycle ---
2026-04-21 15:15:46 | DEBUG    | WhatsAppWatcher | No unread chats found.
2026-04-21 15:15:46 | DEBUG    | WhatsAppWatcher | Sleeping 30s before next poll.
2026-04-21 15:16:16 | DEBUG    | WhatsAppWatcher | --- WhatsApp poll cycle ---
2026-04-21 15:16:16 | DEBUG    | WhatsAppWatcher | No unread chats found.
2026-04-21 15:16:16 | DEBUG    | WhatsAppWatcher | Sleeping 30s before next poll.
2026-04-21 15:16:46 | DEBUG    | WhatsAppWatcher | --- WhatsApp poll cycle ---
2026-04-21 15:16:46 | DEBUG    | WhatsAppWatcher | No unread chats found.
2026-04-21 15:16:46 | DEBUG    | WhatsAppWatcher | Sleeping 30s before next poll.
2026-04-21 15:17:16 | DEBUG    | WhatsAppWatcher | --- WhatsApp poll cycle ---
2026-04-21 15:17:16 | DEBUG    | WhatsAppWatcher | No unread chats found.
2026-04-21 15:17:16 | DEBUG    | WhatsAppWatcher | Sleeping 30s before next poll.
2026-04-21 15:17:46 | DEBUG    | WhatsAppWatcher | --- WhatsApp poll cycle ---
2026-04-21 15:17:46 | DEBUG    | WhatsAppWatcher | No unread chats found.
2026-04-21 15:17:46 | DEBUG    | WhatsAppWatcher | Sleeping 30s before next poll.
2026-04-21 15:18:16 | DEBUG    | WhatsAppWatcher | --- WhatsApp poll cycle ---
2026-04-21 15:18:16 | DEBUG    | WhatsAppWatcher | No unread chats found.
2026-04-21 15:18:16 | DEBUG    | WhatsAppWatcher | Sleeping 30s before next poll.
2026-04-21 15:18:46 | DEBUG    | WhatsAppWatcher | --- WhatsApp poll cycle ---
2026-04-21 15:18:46 | DEBUG    | WhatsAppWatcher | No unread chats found.
2026-04-21 15:18:46 | DEBUG    | WhatsAppWatcher | Sleeping 30s before next poll.
2026-04-21 15:19:17 | DEBUG    | WhatsAppWatcher | --- WhatsApp poll cycle ---
2026-04-21 15:19:17 | DEBUG    | WhatsAppWatcher | No unread chats found.
2026-04-21 15:19:17 | DEBUG    | WhatsAppWatcher | Sleeping 30s before next poll.
2026-04-21 15:19:47 | DEBUG    | WhatsAppWatcher | --- WhatsApp poll cycle ---
2026-04-21 15:19:47 | DEBUG    | WhatsAppWatcher | No unread chats found.
2026-04-21 15:19:47 | DEBUG    | WhatsAppWatcher | Sleeping 30s before next poll.
2026-04-21 15:20:17 | DEBUG    | WhatsAppWatcher | --- WhatsApp poll cycle ---
2026-04-21 15:20:17 | DEBUG    | WhatsAppWatcher | No unread chats found.
2026-04-21 15:20:17 | DEBUG    | WhatsAppWatcher | Sleeping 30s before next poll.
2026-04-21 15:20:47 | DEBUG    | WhatsAppWatcher | --- WhatsApp poll cycle ---
2026-04-21 15:20:47 | DEBUG    | WhatsAppWatcher | No unread chats found.
2026-04-21 15:20:47 | DEBUG    | WhatsAppWatcher | Sleeping 30s before next poll.
2026-04-21 15:21:17 | DEBUG    | WhatsAppWatcher | --- WhatsApp poll cycle ---
2026-04-21 15:21:17 | DEBUG    | WhatsAppWatcher | No unread chats found.
2026-04-21 15:21:17 | DEBUG    | WhatsAppWatcher | Sleeping 30s before next poll.
2026-04-21 15:21:47 | DEBUG    | WhatsAppWatcher | --- WhatsApp poll cycle ---
2026-04-21 15:21:47 | DEBUG    | WhatsAppWatcher | No unread chats found.
2026-04-21 15:21:47 | DEBUG    | WhatsAppWatcher | Sleeping 30s before next poll.
2026-04-21 15:22:17 | DEBUG    | WhatsAppWatcher | --- WhatsApp poll cycle ---
2026-04-21 15:22:17 | DEBUG    | WhatsAppWatcher | No unread chats found.
2026-04-21 15:22:17 | DEBUG    | WhatsAppWatcher | Sleeping 30s before next poll.
2026-04-21 15:22:47 | DEBUG    | WhatsAppWatcher | --- WhatsApp poll cycle ---
2026-04-21 15:22:47 | DEBUG    | WhatsAppWatcher | No unread chats found.
2026-04-21 15:22:47 | DEBUG    | WhatsAppWatcher | Sleeping 30s before next poll.
2026-04-21 15:23:17 | DEBUG    | WhatsAppWatcher | --- WhatsApp poll cycle ---
2026-04-21 15:23:17 | DEBUG    | WhatsAppWatcher | No unread chats found.
2026-04-21 15:23:17 | DEBUG    | WhatsAppWatcher | Sleeping 30s before next poll.
2026-04-21 15:23:47 | DEBUG    | WhatsAppWatcher | --- WhatsApp poll cycle ---
2026-04-21 15:23:47 | DEBUG    | WhatsAppWatcher | No unread chats found.
2026-04-21 15:23:47 | DEBUG    | WhatsAppWatcher | Sleeping 30s before next poll.
2026-04-21 15:24:17 | DEBUG    | WhatsAppWatcher | --- WhatsApp poll cycle ---
2026-04-21 15:24:17 | DEBUG    | WhatsAppWatcher | No unread chats found.
2026-04-21 15:24:17 | DEBUG    | WhatsAppWatcher | Sleeping 30s before next poll.
2026-04-21 15:24:47 | DEBUG    | WhatsAppWatcher | --- WhatsApp poll cycle ---
2026-04-21 15:24:47 | DEBUG    | WhatsAppWatcher | No unread chats found.
2026-04-21 15:24:47 | DEBUG    | WhatsAppWatcher | Sleeping 30s before next poll.
2026-04-21 15:25:17 | DEBUG    | WhatsAppWatcher | --- WhatsApp poll cycle ---
2026-04-21 15:25:17 | DEBUG    | WhatsAppWatcher | No unread chats found.
2026-04-21 15:25:17 | DEBUG    | WhatsAppWatcher | Sleeping 30s before next poll.
2026-04-21 15:25:47 | DEBUG    | WhatsAppWatcher | --- WhatsApp poll cycle ---
2026-04-21 15:25:47 | DEBUG    | WhatsAppWatcher | No unread chats found.
2026-04-21 15:25:47 | DEBUG    | WhatsAppWatcher | Sleeping 30s before next poll.
2026-04-21 15:26:17 | DEBUG    | WhatsAppWatcher | --- WhatsApp poll cycle ---
2026-04-21 15:26:17 | DEBUG    | WhatsAppWatcher | No unread chats found.
2026-04-21 15:26:17 | DEBUG    | WhatsAppWatcher | Sleeping 30s before next poll.
2026-04-21 15:26:47 | DEBUG    | WhatsAppWatcher | --- WhatsApp poll cycle ---
2026-04-21 15:26:47 | DEBUG    | WhatsAppWatcher | No unread chats found.
2026-04-21 15:26:47 | DEBUG    | WhatsAppWatcher | Sleeping 30s before next poll.
2026-04-21 15:27:17 | DEBUG    | WhatsAppWatcher | --- WhatsApp poll cycle ---
2026-04-21 15:27:17 | DEBUG    | WhatsAppWatcher | No unread chats found.
2026-04-21 15:27:17 | DEBUG    | WhatsAppWatcher | Sleeping 30s before next poll.
2026-04-21 15:27:47 | DEBUG    | WhatsAppWatcher | --- WhatsApp poll cycle ---
2026-04-21 15:27:47 | DEBUG    | WhatsAppWatcher | No unread chats found.
2026-04-21 15:27:47 | DEBUG    | WhatsAppWatcher | Sleeping 30s before next poll.
2026-04-21 15:28:17 | DEBUG    | WhatsAppWatcher | --- WhatsApp poll cycle ---
2026-04-21 15:28:17 | DEBUG    | WhatsAppWatcher | No unread chats found.
2026-04-21 15:28:17 | DEBUG    | WhatsAppWatcher | Sleeping 30s before next poll.
2026-04-21 15:28:47 | DEBUG    | WhatsAppWatcher | --- WhatsApp poll cycle ---
2026-04-21 15:28:47 | DEBUG    | WhatsAppWatcher | No unread chats found.
2026-04-21 15:28:47 | DEBUG    | WhatsAppWatcher | Sleeping 30s before next poll.
2026-04-21 15:29:17 | DEBUG    | WhatsAppWatcher | --- WhatsApp poll cycle ---
2026-04-21 15:29:17 | DEBUG    | WhatsAppWatcher | No unread chats found.
2026-04-21 15:29:17 | DEBUG    | WhatsAppWatcher | Sleeping 30s before next poll.
2026-04-21 15:29:47 | DEBUG    | WhatsAppWatcher | --- WhatsApp poll cycle ---
2026-04-21 15:29:47 | DEBUG    | WhatsAppWatcher | No unread chats found.
2026-04-21 15:29:47 | DEBUG    | WhatsAppWatcher | Sleeping 30s before next poll.
2026-04-21 15:30:17 | DEBUG    | WhatsAppWatcher | --- WhatsApp poll cycle ---
2026-04-21 15:30:17 | DEBUG    | WhatsAppWatcher | No unread chats found.
2026-04-21 15:30:17 | DEBUG    | WhatsAppWatcher | Sleeping 30s before next poll.
2026-04-21 15:30:47 | DEBUG    | WhatsAppWatcher | --- WhatsApp poll cycle ---
2026-04-21 15:30:47 | DEBUG    | WhatsAppWatcher | No unread chats found.
2026-04-21 15:30:47 | DEBUG    | WhatsAppWatcher | Sleeping 30s before next poll.
2026-04-21 15:31:17 | DEBUG    | WhatsAppWatcher | --- WhatsApp poll cycle ---
2026-04-21 15:31:17 | DEBUG    | WhatsAppWatcher | No unread chats found.
2026-04-21 15:31:17 | DEBUG    | WhatsAppWatcher | Sleeping 30s before next poll.
2026-04-21 15:31:47 | DEBUG    | WhatsAppWatcher | --- WhatsApp poll cycle ---
2026-04-21 15:31:47 | DEBUG    | WhatsAppWatcher | No unread chats found.
2026-04-21 15:31:47 | DEBUG    | WhatsAppWatcher | Sleeping 30s before next poll.
2026-04-21 15:32:17 | DEBUG    | WhatsAppWatcher | --- WhatsApp poll cycle ---
2026-04-21 15:32:17 | INFO     | WhatsAppWatcher | Found 2 chat(s) with unread messages.
2026-04-21 15:32:17 | DEBUG    | WhatsAppWatcher | Could not parse chat row: 'JSHandle' object has no attribute 'query_selector'
2026-04-21 15:32:22 | DEBUG    | WhatsAppWatcher | Chat '1 unread message
niha': 4 message(s), no keyword matches.
2026-04-21 15:32:22 | DEBUG    | WhatsAppWatcher | Sleeping 30s before next poll.
2026-04-21 15:32:52 | DEBUG    | WhatsAppWatcher | --- WhatsApp poll cycle ---
2026-04-21 15:32:52 | DEBUG    | WhatsAppWatcher | No unread chats found.
2026-04-21 15:32:52 | DEBUG    | WhatsAppWatcher | Sleeping 30s before next poll.
2026-04-21 15:33:22 | DEBUG    | WhatsAppWatcher | --- WhatsApp poll cycle ---
2026-04-21 15:33:22 | DEBUG    | WhatsAppWatcher | No unread chats found.
2026-04-21 15:33:22 | DEBUG    | WhatsAppWatcher | Sleeping 30s before next poll.
2026-04-21 18:05:55 | DEBUG    | WhatsAppWatcher | --- WhatsApp poll cycle ---
2026-04-21 18:05:55 | DEBUG    | WhatsAppWatcher | No unread chats found.
2026-04-21 18:05:55 | DEBUG    | WhatsAppWatcher | Sleeping 30s before next poll.
2026-04-21 18:06:25 | DEBUG    | WhatsAppWatcher | --- WhatsApp poll cycle ---
2026-04-21 18:06:25 | DEBUG    | WhatsAppWatcher | No unread chats found.
2026-04-21 18:06:25 | DEBUG    | WhatsAppWatcher | Sleeping 30s before next poll.
2026-04-21 18:06:55 | DEBUG    | WhatsAppWatcher | --- WhatsApp poll cycle ---
2026-04-21 18:06:55 | DEBUG    | WhatsAppWatcher | No unread chats found.
2026-04-21 18:06:55 | DEBUG    | WhatsAppWatcher | Sleeping 30s before next poll.
2026-04-21 18:07:25 | DEBUG    | WhatsAppWatcher | --- WhatsApp poll cycle ---
2026-04-21 18:07:25 | DEBUG    | WhatsAppWatcher | No unread chats found.
2026-04-21 18:07:25 | DEBUG    | WhatsAppWatcher | Sleeping 30s before next poll.
2026-04-22 17:12:51 | DEBUG    | WhatsAppWatcher | --- WhatsApp poll cycle ---
2026-04-22 17:13:14 | DEBUG    | WhatsAppWatcher | No unread chats found.
2026-04-22 17:13:14 | DEBUG    | WhatsAppWatcher | Sleeping 30s before next poll.
2026-04-22 17:13:44 | DEBUG    | WhatsAppWatcher | --- WhatsApp poll cycle ---
2026-04-22 17:13:46 | DEBUG    | WhatsAppWatcher | No unread chats found.
2026-04-22 17:13:46 | DEBUG    | WhatsAppWatcher | Sleeping 30s before next poll.
2026-04-22 17:14:16 | DEBUG    | WhatsAppWatcher | --- WhatsApp poll cycle ---
2026-04-22 17:14:22 | DEBUG    | WhatsAppWatcher | No unread chats found.
2026-04-22 17:14:22 | DEBUG    | WhatsAppWatcher | Sleeping 30s before next poll.
2026-04-22 17:14:52 | DEBUG    | WhatsAppWatcher | --- WhatsApp poll cycle ---
2026-04-22 17:14:52 | DEBUG    | WhatsAppWatcher | No unread chats found.
2026-04-22 17:14:52 | DEBUG    | WhatsAppWatcher | Sleeping 30s before next poll.
2026-04-22 17:15:22 | DEBUG    | WhatsAppWatcher | --- WhatsApp poll cycle ---
2026-04-22 17:15:22 | DEBUG    | WhatsAppWatcher | No unread chats found.
2026-04-22 17:15:22 | DEBUG    | WhatsAppWatcher | Sleeping 30s before next poll.
2026-04-22 17:15:52 | DEBUG    | WhatsAppWatcher | --- WhatsApp poll cycle ---
2026-04-22 17:15:53 | DEBUG    | WhatsAppWatcher | No unread chats found.
2026-04-22 17:15:53 | DEBUG    | WhatsAppWatcher | Sleeping 30s before next poll.
2026-04-22 17:16:23 | DEBUG    | WhatsAppWatcher | --- WhatsApp poll cycle ---
2026-04-22 17:16:23 | DEBUG    | WhatsAppWatcher | No unread chats found.
2026-04-22 17:16:23 | DEBUG    | WhatsAppWatcher | Sleeping 30s before next poll.
2026-04-22 17:16:53 | DEBUG    | WhatsAppWatcher | --- WhatsApp poll cycle ---
2026-04-22 17:16:53 | DEBUG    | WhatsAppWatcher | No unread chats found.
2026-04-22 17:16:53 | DEBUG    | WhatsAppWatcher | Sleeping 30s before next poll.
2026-04-22 17:17:23 | DEBUG    | WhatsAppWatcher | --- WhatsApp poll cycle ---
2026-04-22 17:17:23 | DEBUG    | WhatsAppWatcher | No unread chats found.
2026-04-22 17:17:23 | DEBUG    | WhatsAppWatcher | Sleeping 30s before next poll.
2026-04-22 17:17:53 | DEBUG    | WhatsAppWatcher | --- WhatsApp poll cycle ---
2026-04-22 17:17:54 | DEBUG    | WhatsAppWatcher | No unread chats found.
2026-04-22 17:17:54 | DEBUG    | WhatsAppWatcher | Sleeping 30s before next poll.
2026-04-22 17:18:24 | DEBUG    | WhatsAppWatcher | --- WhatsApp poll cycle ---
2026-04-22 17:18:24 | DEBUG    | WhatsAppWatcher | No unread chats found.
2026-04-22 17:18:24 | DEBUG    | WhatsAppWatcher | Sleeping 30s before next poll.
2026-04-22 17:18:54 | DEBUG    | WhatsAppWatcher | --- WhatsApp poll cycle ---
2026-04-22 17:18:54 | DEBUG    | WhatsAppWatcher | No unread chats found.
2026-04-22 17:18:54 | DEBUG    | WhatsAppWatcher | Sleeping 30s before next poll.
2026-04-22 17:19:24 | DEBUG    | WhatsAppWatcher | --- WhatsApp poll cycle ---
2026-04-22 17:19:24 | DEBUG    | WhatsAppWatcher | No unread chats found.
2026-04-22 17:19:24 | DEBUG    | WhatsAppWatcher | Sleeping 30s before next poll.
2026-04-22 17:19:54 | DEBUG    | WhatsAppWatcher | --- WhatsApp poll cycle ---
2026-04-22 17:19:54 | DEBUG    | WhatsAppWatcher | No unread chats found.
2026-04-22 17:19:54 | DEBUG    | WhatsAppWatcher | Sleeping 30s before next poll.
2026-04-22 17:20:24 | DEBUG    | WhatsAppWatcher | --- WhatsApp poll cycle ---
2026-04-22 17:20:24 | DEBUG    | WhatsAppWatcher | No unread chats found.
2026-04-22 17:20:24 | DEBUG    | WhatsAppWatcher | Sleeping 30s before next poll.
2026-04-22 17:20:54 | DEBUG    | WhatsAppWatcher | --- WhatsApp poll cycle ---
2026-04-22 17:20:54 | DEBUG    | WhatsAppWatcher | No unread chats found.
2026-04-22 17:20:54 | DEBUG    | WhatsAppWatcher | Sleeping 30s before next poll.
2026-04-22 17:21:24 | DEBUG    | WhatsAppWatcher | --- WhatsApp poll cycle ---
2026-04-22 17:21:24 | DEBUG    | WhatsAppWatcher | No unread chats found.
2026-04-22 17:21:24 | DEBUG    | WhatsAppWatcher | Sleeping 30s before next poll.
2026-04-22 17:21:54 | DEBUG    | WhatsAppWatcher | --- WhatsApp poll cycle ---
2026-04-22 17:21:54 | DEBUG    | WhatsAppWatcher | No unread chats found.
2026-04-22 17:21:54 | DEBUG    | WhatsAppWatcher | Sleeping 30s before next poll.
2026-04-22 17:22:24 | DEBUG    | WhatsAppWatcher | --- WhatsApp poll cycle ---
2026-04-22 17:22:24 | DEBUG    | WhatsAppWatcher | No unread chats found.
2026-04-22 17:22:24 | DEBUG    | WhatsAppWatcher | Sleeping 30s before next poll.
2026-04-22 17:22:54 | DEBUG    | WhatsAppWatcher | --- WhatsApp poll cycle ---
2026-04-22 17:22:54 | DEBUG    | WhatsAppWatcher | No unread chats found.
2026-04-22 17:22:54 | DEBUG    | WhatsAppWatcher | Sleeping 30s before next poll.
2026-04-22 17:23:24 | DEBUG    | WhatsAppWatcher | --- WhatsApp poll cycle ---
2026-04-22 17:23:24 | DEBUG    | WhatsAppWatcher | No unread chats found.
2026-04-22 17:23:24 | DEBUG    | WhatsAppWatcher | Sleeping 30s before next poll.
2026-04-22 17:23:54 | DEBUG    | WhatsAppWatcher | --- WhatsApp poll cycle ---
2026-04-22 17:23:54 | DEBUG    | WhatsAppWatcher | No unread chats found.
2026-04-22 17:23:54 | DEBUG    | WhatsAppWatcher | Sleeping 30s before next poll.
2026-04-22 17:24:24 | DEBUG    | WhatsAppWatcher | --- WhatsApp poll cycle ---
2026-04-22 17:24:24 | DEBUG    | WhatsAppWatcher | No unread chats found.
2026-04-22 17:24:24 | DEBUG    | WhatsAppWatcher | Sleeping 30s before next poll.
2026-04-22 17:24:54 | DEBUG    | WhatsAppWatcher | --- WhatsApp poll cycle ---
2026-04-22 17:24:54 | DEBUG    | WhatsAppWatcher | No unread chats found.
2026-04-22 17:24:54 | DEBUG    | WhatsAppWatcher | Sleeping 30s before next poll.
2026-04-22 17:25:24 | DEBUG    | WhatsAppWatcher | --- WhatsApp poll cycle ---
2026-04-22 17:25:24 | DEBUG    | WhatsAppWatcher | No unread chats found.
2026-04-22 17:25:24 | DEBUG    | WhatsAppWatcher | Sleeping 30s before next poll.
2026-04-22 17:25:54 | DEBUG    | WhatsAppWatcher | --- WhatsApp poll cycle ---
2026-04-22 17:25:54 | DEBUG    | WhatsAppWatcher | No unread chats found.
2026-04-22 17:25:54 | DEBUG    | WhatsAppWatcher | Sleeping 30s before next poll.
2026-04-22 17:26:24 | DEBUG    | WhatsAppWatcher | --- WhatsApp poll cycle ---
2026-04-22 17:26:24 | DEBUG    | WhatsAppWatcher | No unread chats found.
2026-04-22 17:26:24 | DEBUG    | WhatsAppWatcher | Sleeping 30s before next poll.
2026-04-22 17:26:54 | DEBUG    | WhatsAppWatcher | --- WhatsApp poll cycle ---
2026-04-22 17:26:55 | DEBUG    | WhatsAppWatcher | No unread chats found.
2026-04-22 17:26:55 | DEBUG    | WhatsAppWatcher | Sleeping 30s before next poll.
2026-04-22 17:27:25 | DEBUG    | WhatsAppWatcher | --- WhatsApp poll cycle ---
2026-04-22 17:27:25 | DEBUG    | WhatsAppWatcher | No unread chats found.
2026-04-22 17:27:25 | DEBUG    | WhatsAppWatcher | Sleeping 30s before next poll.
2026-04-22 17:27:55 | DEBUG    | WhatsAppWatcher | --- WhatsApp poll cycle ---
2026-04-22 17:27:55 | DEBUG    | WhatsAppWatcher | No unread chats found.
2026-04-22 17:27:55 | DEBUG    | WhatsAppWatcher | Sleeping 30s before next poll.
2026-04-22 17:28:25 | DEBUG    | WhatsAppWatcher | --- WhatsApp poll cycle ---
2026-04-22 17:28:25 | DEBUG    | WhatsAppWatcher | No unread chats found.
2026-04-22 17:28:25 | DEBUG    | WhatsAppWatcher | Sleeping 30s before next poll.
2026-04-22 17:28:55 | DEBUG    | WhatsAppWatcher | --- WhatsApp poll cycle ---
2026-04-22 17:28:55 | DEBUG    | WhatsAppWatcher | No unread chats found.
2026-04-22 17:28:55 | DEBUG    | WhatsAppWatcher | Sleeping 30s before next poll.
2026-04-22 17:29:25 | DEBUG    | WhatsAppWatcher | --- WhatsApp poll cycle ---
2026-04-22 17:29:25 | DEBUG    | WhatsAppWatcher | No unread chats found.
2026-04-22 17:29:25 | DEBUG    | WhatsAppWatcher | Sleeping 30s before next poll.
2026-04-22 17:29:55 | DEBUG    | WhatsAppWatcher | --- WhatsApp poll cycle ---
2026-04-22 17:29:55 | DEBUG    | WhatsAppWatcher | No unread chats found.
2026-04-22 17:29:55 | DEBUG    | WhatsAppWatcher | Sleeping 30s before next poll.
2026-04-22 17:30:25 | DEBUG    | WhatsAppWatcher | --- WhatsApp poll cycle ---
2026-04-22 17:30:25 | DEBUG    | WhatsAppWatcher | No unread chats found.
2026-04-22 17:30:25 | DEBUG    | WhatsAppWatcher | Sleeping 30s before next poll.
2026-04-22 17:30:55 | DEBUG    | WhatsAppWatcher | --- WhatsApp poll cycle ---
2026-04-22 17:30:55 | DEBUG    | WhatsAppWatcher | No unread chats found.
2026-04-22 17:30:55 | DEBUG    | WhatsAppWatcher | Sleeping 30s before next poll.
2026-04-22 17:31:25 | DEBUG    | WhatsAppWatcher | --- WhatsApp poll cycle ---
2026-04-22 17:31:25 | DEBUG    | WhatsAppWatcher | No unread chats found.
2026-04-22 17:31:25 | DEBUG    | WhatsAppWatcher | Sleeping 30s before next poll.
2026-04-22 17:31:55 | DEBUG    | WhatsAppWatcher | --- WhatsApp poll cycle ---
2026-04-22 17:31:55 | DEBUG    | WhatsAppWatcher | No unread chats found.
2026-04-22 17:31:55 | DEBUG    | WhatsAppWatcher | Sleeping 30s before next poll.
2026-04-22 17:32:25 | DEBUG    | WhatsAppWatcher | --- WhatsApp poll cycle ---
2026-04-22 17:32:25 | DEBUG    | WhatsAppWatcher | No unread chats found.
2026-04-22 17:32:25 | DEBUG    | WhatsAppWatcher | Sleeping 30s before next poll.
2026-04-22 17:32:55 | DEBUG    | WhatsAppWatcher | --- WhatsApp poll cycle ---
2026-04-22 17:32:55 | DEBUG    | WhatsAppWatcher | No unread chats found.
2026-04-22 17:32:55 | DEBUG    | WhatsAppWatcher | Sleeping 30s before next poll.
2026-04-22 17:33:25 | DEBUG    | WhatsAppWatcher | --- WhatsApp poll cycle ---
2026-04-22 17:33:25 | DEBUG    | WhatsAppWatcher | No unread chats found.
2026-04-22 17:33:25 | DEBUG    | WhatsAppWatcher | Sleeping 30s before next poll.
2026-04-22 17:33:55 | DEBUG    | WhatsAppWatcher | --- WhatsApp poll cycle ---
2026-04-22 17:33:55 | DEBUG    | WhatsAppWatcher | No unread chats found.
2026-04-22 17:33:55 | DEBUG    | WhatsAppWatcher | Sleeping 30s before next poll.
2026-04-22 17:34:25 | DEBUG    | WhatsAppWatcher | --- WhatsApp poll cycle ---
2026-04-22 17:34:25 | DEBUG    | WhatsAppWatcher | No unread chats found.
2026-04-22 17:34:25 | DEBUG    | WhatsAppWatcher | Sleeping 30s before next poll.
2026-04-22 17:34:55 | DEBUG    | WhatsAppWatcher | --- WhatsApp poll cycle ---
2026-04-22 17:34:55 | DEBUG    | WhatsAppWatcher | No unread chats found.
2026-04-22 17:34:55 | DEBUG    | WhatsAppWatcher | Sleeping 30s before next poll.
2026-04-22 17:35:25 | DEBUG    | WhatsAppWatcher | --- WhatsApp poll cycle ---
2026-04-22 17:35:25 | DEBUG    | WhatsAppWatcher | No unread chats found.
2026-04-22 17:35:25 | DEBUG    | WhatsAppWatcher | Sleeping 30s before next poll.
2026-04-22 17:35:55 | DEBUG    | WhatsAppWatcher | --- WhatsApp poll cycle ---
2026-04-22 17:35:55 | DEBUG    | WhatsAppWatcher | No unread chats found.
2026-04-22 17:35:55 | DEBUG    | WhatsAppWatcher | Sleeping 30s before next poll.
2026-04-22 17:36:25 | DEBUG    | WhatsAppWatcher | --- WhatsApp poll cycle ---
2026-04-22 17:36:25 | DEBUG    | WhatsAppWatcher | No unread chats found.
2026-04-22 17:36:25 | DEBUG    | WhatsAppWatcher | Sleeping 30s before next poll.
2026-04-22 17:36:55 | DEBUG    | WhatsAppWatcher | --- WhatsApp poll cycle ---
2026-04-22 17:36:55 | DEBUG    | WhatsAppWatcher | No unread chats found.
2026-04-22 17:36:55 | DEBUG    | WhatsAppWatcher | Sleeping 30s before next poll.
2026-04-22 17:37:25 | DEBUG    | WhatsAppWatcher | --- WhatsApp poll cycle ---
2026-04-22 17:37:25 | DEBUG    | WhatsAppWatcher | No unread chats found.
2026-04-22 17:37:25 | DEBUG    | WhatsAppWatcher | Sleeping 30s before next poll.
2026-04-22 17:37:55 | DEBUG    | WhatsAppWatcher | --- WhatsApp poll cycle ---
2026-04-22 17:37:56 | DEBUG    | WhatsAppWatcher | No unread chats found.
2026-04-22 17:37:56 | DEBUG    | WhatsAppWatcher | Sleeping 30s before next poll.
2026-04-22 17:38:26 | DEBUG    | WhatsAppWatcher | --- WhatsApp poll cycle ---
2026-04-22 17:38:26 | DEBUG    | WhatsAppWatcher | No unread chats found.
2026-04-22 17:38:26 | DEBUG    | WhatsAppWatcher | Sleeping 30s before next poll.
2026-04-22 17:38:56 | DEBUG    | WhatsAppWatcher | --- WhatsApp poll cycle ---
2026-04-22 17:38:56 | DEBUG    | WhatsAppWatcher | No unread chats found.
2026-04-22 17:38:56 | DEBUG    | WhatsAppWatcher | Sleeping 30s before next poll.
2026-04-22 17:39:26 | DEBUG    | WhatsAppWatcher | --- WhatsApp poll cycle ---
2026-04-22 17:39:26 | DEBUG    | WhatsAppWatcher | No unread chats found.
2026-04-22 17:39:26 | DEBUG    | WhatsAppWatcher | Sleeping 30s before next poll.
2026-04-22 17:39:56 | DEBUG    | WhatsAppWatcher | --- WhatsApp poll cycle ---
2026-04-22 17:39:56 | DEBUG    | WhatsAppWatcher | No unread chats found.
2026-04-22 17:39:56 | DEBUG    | WhatsAppWatcher | Sleeping 30s before next poll.
2026-04-22 17:40:26 | DEBUG    | WhatsAppWatcher | --- WhatsApp poll cycle ---
2026-04-22 17:40:26 | DEBUG    | WhatsAppWatcher | No unread chats found.
2026-04-22 17:40:26 | DEBUG    | WhatsAppWatcher | Sleeping 30s before next poll.
2026-04-22 17:40:56 | DEBUG    | WhatsAppWatcher | --- WhatsApp poll cycle ---
2026-04-22 17:40:56 | DEBUG    | WhatsAppWatcher | No unread chats found.
2026-04-22 17:40:56 | DEBUG    | WhatsAppWatcher | Sleeping 30s before next poll.
2026-04-22 17:41:26 | DEBUG    | WhatsAppWatcher | --- WhatsApp poll cycle ---
2026-04-22 17:41:26 | DEBUG    | WhatsAppWatcher | No unread chats found.
2026-04-22 17:41:26 | DEBUG    | WhatsAppWatcher | Sleeping 30s before next poll.
2026-04-22 17:41:56 | DEBUG    | WhatsAppWatcher | --- WhatsApp poll cycle ---
2026-04-22 17:41:56 | DEBUG    | WhatsAppWatcher | No unread chats found.
2026-04-22 17:41:56 | DEBUG    | WhatsAppWatcher | Sleeping 30s before next poll.
2026-04-22 17:42:26 | DEBUG    | WhatsAppWatcher | --- WhatsApp poll cycle ---
2026-04-22 17:42:26 | DEBUG    | WhatsAppWatcher | No unread chats found.
2026-04-22 17:42:26 | DEBUG    | WhatsAppWatcher | Sleeping 30s before next poll.
2026-04-22 17:42:56 | DEBUG    | WhatsAppWatcher | --- WhatsApp poll cycle ---
2026-04-22 17:42:56 | DEBUG    | WhatsAppWatcher | No unread chats found.
2026-04-22 17:42:56 | DEBUG    | WhatsAppWatcher | Sleeping 30s before next poll.
2026-04-22 17:43:26 | DEBUG    | WhatsAppWatcher | --- WhatsApp poll cycle ---
2026-04-22 17:43:26 | DEBUG    | WhatsAppWatcher | No unread chats found.
2026-04-22 17:43:26 | DEBUG    | WhatsAppWatcher | Sleeping 30s before next poll.
2026-04-22 17:43:56 | DEBUG    | WhatsAppWatcher | --- WhatsApp poll cycle ---
2026-04-22 17:43:56 | DEBUG    | WhatsAppWatcher | No unread chats found.
2026-04-22 17:43:56 | DEBUG    | WhatsAppWatcher | Sleeping 30s before next poll.
2026-04-22 17:44:26 | DEBUG    | WhatsAppWatcher | --- WhatsApp poll cycle ---
2026-04-22 17:44:26 | DEBUG    | WhatsAppWatcher | No unread chats found.
2026-04-22 17:44:26 | DEBUG    | WhatsAppWatcher | Sleeping 30s before next poll.
2026-04-22 17:44:56 | DEBUG    | WhatsAppWatcher | --- WhatsApp poll cycle ---
2026-04-22 17:44:56 | DEBUG    | WhatsAppWatcher | No unread chats found.
2026-04-22 17:44:56 | DEBUG    | WhatsAppWatcher | Sleeping 30s before next poll.
2026-04-22 17:45:26 | DEBUG    | WhatsAppWatcher | --- WhatsApp poll cycle ---
2026-04-22 17:45:26 | DEBUG    | WhatsAppWatcher | No unread chats found.
2026-04-22 17:45:26 | DEBUG    | WhatsAppWatcher | Sleeping 30s before next poll.
2026-04-22 17:45:56 | DEBUG    | WhatsAppWatcher | --- WhatsApp poll cycle ---
2026-04-22 17:45:56 | DEBUG    | WhatsAppWatcher | No unread chats found.
2026-04-22 17:45:56 | DEBUG    | WhatsAppWatcher | Sleeping 30s before next poll.
2026-04-22 17:46:26 | DEBUG    | WhatsAppWatcher | --- WhatsApp poll cycle ---
2026-04-22 17:46:26 | DEBUG    | WhatsAppWatcher | No unread chats found.
2026-04-22 17:46:26 | DEBUG    | WhatsAppWatcher | Sleeping 30s before next poll.
2026-04-22 17:47:03 | DEBUG    | WhatsAppWatcher | --- WhatsApp poll cycle ---
2026-04-22 17:47:03 | DEBUG    | WhatsAppWatcher | No unread chats found.
2026-04-22 17:47:03 | DEBUG    | WhatsAppWatcher | Sleeping 30s before next poll.
2026-04-22 17:47:33 | DEBUG    | WhatsAppWatcher | --- WhatsApp poll cycle ---
2026-04-22 17:47:33 | DEBUG    | WhatsAppWatcher | No unread chats found.
2026-04-22 17:47:33 | DEBUG    | WhatsAppWatcher | Sleeping 30s before next poll.
2026-04-22 17:48:03 | DEBUG    | WhatsAppWatcher | --- WhatsApp poll cycle ---
2026-04-22 17:48:03 | DEBUG    | WhatsAppWatcher | No unread chats found.
2026-04-22 17:48:03 | DEBUG    | WhatsAppWatcher | Sleeping 30s before next poll.
2026-04-22 17:48:33 | DEBUG    | WhatsAppWatcher | --- WhatsApp poll cycle ---
2026-04-22 17:48:33 | DEBUG    | WhatsAppWatcher | No unread chats found.
2026-04-22 17:48:33 | DEBUG    | WhatsAppWatcher | Sleeping 30s before next poll.
2026-04-22 17:49:03 | DEBUG    | WhatsAppWatcher | --- WhatsApp poll cycle ---
2026-04-22 17:49:03 | DEBUG    | WhatsAppWatcher | No unread chats found.
2026-04-22 17:49:03 | DEBUG    | WhatsAppWatcher | Sleeping 30s before next poll.
2026-04-22 17:49:33 | DEBUG    | WhatsAppWatcher | --- WhatsApp poll cycle ---
2026-04-22 17:49:33 | DEBUG    | WhatsAppWatcher | No unread chats found.
2026-04-22 17:49:33 | DEBUG    | WhatsAppWatcher | Sleeping 30s before next poll.
2026-04-22 17:50:03 | DEBUG    | WhatsAppWatcher | --- WhatsApp poll cycle ---
2026-04-22 17:50:03 | DEBUG    | WhatsAppWatcher | No unread chats found.
2026-04-22 17:50:03 | DEBUG    | WhatsAppWatcher | Sleeping 30s before next poll.
2026-04-22 17:50:33 | DEBUG    | WhatsAppWatcher | --- WhatsApp poll cycle ---
2026-04-22 17:50:33 | DEBUG    | WhatsAppWatcher | No unread chats found.
2026-04-22 17:50:33 | DEBUG    | WhatsAppWatcher | Sleeping 30s before next poll.
2026-04-22 17:51:03 | DEBUG    | WhatsAppWatcher | --- WhatsApp poll cycle ---
2026-04-22 17:51:03 | DEBUG    | WhatsAppWatcher | No unread chats found.
2026-04-22 17:51:03 | DEBUG    | WhatsAppWatcher | Sleeping 30s before next poll.
2026-04-22 17:51:33 | DEBUG    | WhatsAppWatcher | --- WhatsApp poll cycle ---
2026-04-22 17:51:33 | DEBUG    | WhatsAppWatcher | No unread chats found.
2026-04-22 17:51:33 | DEBUG    | WhatsAppWatcher | Sleeping 30s before next poll.
2026-04-22 17:52:03 | DEBUG    | WhatsAppWatcher | --- WhatsApp poll cycle ---
2026-04-22 17:52:03 | DEBUG    | WhatsAppWatcher | No unread chats found.
2026-04-22 17:52:03 | DEBUG    | WhatsAppWatcher | Sleeping 30s before next poll.
2026-04-22 17:52:33 | DEBUG    | WhatsAppWatcher | --- WhatsApp poll cycle ---
2026-04-22 17:52:33 | DEBUG    | WhatsAppWatcher | No unread chats found.
2026-04-22 17:52:33 | DEBUG    | WhatsAppWatcher | Sleeping 30s before next poll.
2026-04-22 17:53:03 | DEBUG    | WhatsAppWatcher | --- WhatsApp poll cycle ---
2026-04-22 17:53:03 | DEBUG    | WhatsAppWatcher | No unread chats found.
2026-04-22 17:53:03 | DEBUG    | WhatsAppWatcher | Sleeping 30s before next poll.
2026-04-22 17:53:33 | DEBUG    | WhatsAppWatcher | --- WhatsApp poll cycle ---
2026-04-22 17:53:33 | DEBUG    | WhatsAppWatcher | No unread chats found.
2026-04-22 17:53:33 | DEBUG    | WhatsAppWatcher | Sleeping 30s before next poll.
2026-04-22 17:54:03 | DEBUG    | WhatsAppWatcher | --- WhatsApp poll cycle ---
2026-04-22 17:54:03 | DEBUG    | WhatsAppWatcher | No unread chats found.
2026-04-22 17:54:03 | DEBUG    | WhatsAppWatcher | Sleeping 30s before next poll.
2026-04-22 17:54:33 | DEBUG    | WhatsAppWatcher | --- WhatsApp poll cycle ---
2026-04-22 17:54:33 | DEBUG    | WhatsAppWatcher | No unread chats found.
2026-04-22 17:54:33 | DEBUG    | WhatsAppWatcher | Sleeping 30s before next poll.
2026-04-22 17:55:03 | DEBUG    | WhatsAppWatcher | --- WhatsApp poll cycle ---
2026-04-22 17:55:03 | DEBUG    | WhatsAppWatcher | No unread chats found.
2026-04-22 17:55:03 | DEBUG    | WhatsAppWatcher | Sleeping 30s before next poll.
2026-04-22 17:55:33 | DEBUG    | WhatsAppWatcher | --- WhatsApp poll cycle ---
2026-04-22 17:55:33 | DEBUG    | WhatsAppWatcher | No unread chats found.
2026-04-22 17:55:33 | DEBUG    | WhatsAppWatcher | Sleeping 30s before next poll.
2026-04-22 17:56:03 | DEBUG    | WhatsAppWatcher | --- WhatsApp poll cycle ---
2026-04-22 17:56:03 | DEBUG    | WhatsAppWatcher | No unread chats found.
2026-04-22 17:56:03 | DEBUG    | WhatsAppWatcher | Sleeping 30s before next poll.
2026-04-22 17:56:33 | DEBUG    | WhatsAppWatcher | --- WhatsApp poll cycle ---
2026-04-22 17:56:33 | DEBUG    | WhatsAppWatcher | No unread chats found.
2026-04-22 17:56:33 | DEBUG    | WhatsAppWatcher | Sleeping 30s before next poll.
2026-04-22 17:57:03 | DEBUG    | WhatsAppWatcher | --- WhatsApp poll cycle ---
2026-04-22 17:57:03 | DEBUG    | WhatsAppWatcher | No unread chats found.
2026-04-22 17:57:03 | DEBUG    | WhatsAppWatcher | Sleeping 30s before next poll.
2026-04-22 17:57:33 | DEBUG    | WhatsAppWatcher | --- WhatsApp poll cycle ---
2026-04-22 17:57:33 | DEBUG    | WhatsAppWatcher | No unread chats found.
2026-04-22 17:57:33 | DEBUG    | WhatsAppWatcher | Sleeping 30s before next poll.
2026-04-22 17:58:03 | DEBUG    | WhatsAppWatcher | --- WhatsApp poll cycle ---
2026-04-22 17:58:03 | DEBUG    | WhatsAppWatcher | No unread chats found.
2026-04-22 17:58:03 | DEBUG    | WhatsAppWatcher | Sleeping 30s before next poll.
2026-04-22 17:58:33 | DEBUG    | WhatsAppWatcher | --- WhatsApp poll cycle ---
2026-04-22 17:58:33 | DEBUG    | WhatsAppWatcher | No unread chats found.
2026-04-22 17:58:33 | DEBUG    | WhatsAppWatcher | Sleeping 30s before next poll.
2026-04-22 17:59:03 | DEBUG    | WhatsAppWatcher | --- WhatsApp poll cycle ---
2026-04-22 17:59:03 | DEBUG    | WhatsAppWatcher | No unread chats found.
2026-04-22 17:59:03 | DEBUG    | WhatsAppWatcher | Sleeping 30s before next poll.
2026-04-22 17:59:33 | DEBUG    | WhatsAppWatcher | --- WhatsApp poll cycle ---
2026-04-22 17:59:33 | DEBUG    | WhatsAppWatcher | No unread chats found.
2026-04-22 17:59:33 | DEBUG    | WhatsAppWatcher | Sleeping 30s before next poll.
2026-04-22 18:00:03 | DEBUG    | WhatsAppWatcher | --- WhatsApp poll cycle ---
2026-04-22 18:00:03 | DEBUG    | WhatsAppWatcher | No unread chats found.
2026-04-22 18:00:03 | DEBUG    | WhatsAppWatcher | Sleeping 30s before next poll.
2026-04-22 18:00:33 | DEBUG    | WhatsAppWatcher | --- WhatsApp poll cycle ---
2026-04-22 18:00:33 | DEBUG    | WhatsAppWatcher | No unread chats found.
2026-04-22 18:00:33 | DEBUG    | WhatsAppWatcher | Sleeping 30s before next poll.
2026-04-22 18:01:03 | DEBUG    | WhatsAppWatcher | --- WhatsApp poll cycle ---
2026-04-22 18:01:03 | DEBUG    | WhatsAppWatcher | No unread chats found.
2026-04-22 18:01:03 | DEBUG    | WhatsAppWatcher | Sleeping 30s before next poll.
2026-04-22 18:01:33 | DEBUG    | WhatsAppWatcher | --- WhatsApp poll cycle ---
2026-04-22 18:01:33 | DEBUG    | WhatsAppWatcher | No unread chats found.
2026-04-22 18:01:33 | DEBUG    | WhatsAppWatcher | Sleeping 30s before next poll.
2026-04-22 18:02:03 | DEBUG    | WhatsAppWatcher | --- WhatsApp poll cycle ---
2026-04-22 18:02:03 | DEBUG    | WhatsAppWatcher | No unread chats found.
2026-04-22 18:02:03 | DEBUG    | WhatsAppWatcher | Sleeping 30s before next poll.
2026-04-22 22:44:14 | DEBUG    | WhatsAppWatcher | --- WhatsApp poll cycle ---
2026-04-22 22:44:17 | DEBUG    | WhatsAppWatcher | No unread chats found.
2026-04-22 22:44:17 | DEBUG    | WhatsAppWatcher | Sleeping 30s before next poll.
2026-04-22 22:44:47 | DEBUG    | WhatsAppWatcher | --- WhatsApp poll cycle ---
2026-04-22 22:44:47 | DEBUG    | WhatsAppWatcher | No unread chats found.
2026-04-22 22:44:47 | DEBUG    | WhatsAppWatcher | Sleeping 30s before next poll.
2026-04-22 22:45:17 | DEBUG    | WhatsAppWatcher | --- WhatsApp poll cycle ---
2026-04-22 22:45:17 | DEBUG    | WhatsAppWatcher | No unread chats found.
2026-04-22 22:45:17 | DEBUG    | WhatsAppWatcher | Sleeping 30s before next poll.
2026-04-22 22:45:47 | DEBUG    | WhatsAppWatcher | --- WhatsApp poll cycle ---
2026-04-22 22:45:47 | DEBUG    | WhatsAppWatcher | No unread chats found.
2026-04-22 22:45:47 | DEBUG    | WhatsAppWatcher | Sleeping 30s before next poll.
2026-04-22 22:46:17 | DEBUG    | WhatsAppWatcher | --- WhatsApp poll cycle ---
2026-04-22 22:46:17 | DEBUG    | WhatsAppWatcher | No unread chats found.
2026-04-22 22:46:17 | DEBUG    | WhatsAppWatcher | Sleeping 30s before next poll.
2026-04-22 22:46:47 | DEBUG    | WhatsAppWatcher | --- WhatsApp poll cycle ---
2026-04-22 22:46:47 | DEBUG    | WhatsAppWatcher | No unread chats found.
2026-04-22 22:46:47 | DEBUG    | WhatsAppWatcher | Sleeping 30s before next poll.
2026-04-22 22:47:17 | DEBUG    | WhatsAppWatcher | --- WhatsApp poll cycle ---
2026-04-22 22:47:17 | DEBUG    | WhatsAppWatcher | No unread chats found.
2026-04-22 22:47:17 | DEBUG    | WhatsAppWatcher | Sleeping 30s before next poll.
2026-04-22 22:47:47 | DEBUG    | WhatsAppWatcher | --- WhatsApp poll cycle ---
2026-04-22 22:47:48 | DEBUG    | WhatsAppWatcher | No unread chats found.
2026-04-22 22:47:48 | DEBUG    | WhatsAppWatcher | Sleeping 30s before next poll.
2026-04-22 22:48:18 | DEBUG    | WhatsAppWatcher | --- WhatsApp poll cycle ---
2026-04-22 22:48:18 | DEBUG    | WhatsAppWatcher | No unread chats found.
2026-04-22 22:48:18 | DEBUG    | WhatsAppWatcher | Sleeping 30s before next poll.
2026-04-22 22:48:48 | DEBUG    | WhatsAppWatcher | --- WhatsApp poll cycle ---
2026-04-22 22:48:48 | DEBUG    | WhatsAppWatcher | No unread chats found.
2026-04-22 22:48:48 | DEBUG    | WhatsAppWatcher | Sleeping 30s before next poll.
2026-04-22 22:49:18 | DEBUG    | WhatsAppWatcher | --- WhatsApp poll cycle ---
2026-04-22 22:49:18 | DEBUG    | WhatsAppWatcher | No unread chats found.
2026-04-22 22:49:18 | DEBUG    | WhatsAppWatcher | Sleeping 30s before next poll.
2026-04-22 22:49:48 | DEBUG    | WhatsAppWatcher | --- WhatsApp poll cycle ---
2026-04-22 22:49:48 | DEBUG    | WhatsAppWatcher | No unread chats found.
2026-04-22 22:49:48 | DEBUG    | WhatsAppWatcher | Sleeping 30s before next poll.
2026-04-22 22:50:18 | DEBUG    | WhatsAppWatcher | --- WhatsApp poll cycle ---
2026-04-22 22:50:18 | DEBUG    | WhatsAppWatcher | No unread chats found.
2026-04-22 22:50:18 | DEBUG    | WhatsAppWatcher | Sleeping 30s before next poll.
2026-04-22 22:50:48 | DEBUG    | WhatsAppWatcher | --- WhatsApp poll cycle ---
2026-04-22 22:50:48 | DEBUG    | WhatsAppWatcher | No unread chats found.
2026-04-22 22:50:48 | DEBUG    | WhatsAppWatcher | Sleeping 30s before next poll.
2026-04-22 22:51:18 | DEBUG    | WhatsAppWatcher | --- WhatsApp poll cycle ---
2026-04-22 22:51:18 | DEBUG    | WhatsAppWatcher | No unread chats found.
2026-04-22 22:51:18 | DEBUG    | WhatsAppWatcher | Sleeping 30s before next poll.
2026-04-22 22:51:48 | DEBUG    | WhatsAppWatcher | --- WhatsApp poll cycle ---
2026-04-22 22:51:48 | DEBUG    | WhatsAppWatcher | No unread chats found.
2026-04-22 22:51:48 | DEBUG    | WhatsAppWatcher | Sleeping 30s before next poll.
2026-04-22 22:52:18 | DEBUG    | WhatsAppWatcher | --- WhatsApp poll cycle ---
2026-04-22 22:52:18 | DEBUG    | WhatsAppWatcher | No unread chats found.
2026-04-22 22:52:18 | DEBUG    | WhatsAppWatcher | Sleeping 30s before next poll.
2026-04-22 22:52:48 | DEBUG    | WhatsAppWatcher | --- WhatsApp poll cycle ---
2026-04-22 22:52:48 | DEBUG    | WhatsAppWatcher | No unread chats found.
2026-04-22 22:52:48 | DEBUG    | WhatsAppWatcher | Sleeping 30s before next poll.
2026-04-22 22:53:18 | DEBUG    | WhatsAppWatcher | --- WhatsApp poll cycle ---
2026-04-22 22:53:18 | DEBUG    | WhatsAppWatcher | No unread chats found.
2026-04-22 22:53:18 | DEBUG    | WhatsAppWatcher | Sleeping 30s before next poll.
2026-04-22 22:53:48 | DEBUG    | WhatsAppWatcher | --- WhatsApp poll cycle ---
2026-04-22 22:53:48 | DEBUG    | WhatsAppWatcher | No unread chats found.
2026-04-22 22:53:48 | DEBUG    | WhatsAppWatcher | Sleeping 30s before next poll.
2026-04-22 22:54:18 | DEBUG    | WhatsAppWatcher | --- WhatsApp poll cycle ---
2026-04-22 22:54:18 | DEBUG    | WhatsAppWatcher | No unread chats found.
2026-04-22 22:54:18 | DEBUG    | WhatsAppWatcher | Sleeping 30s before next poll.
2026-04-22 22:54:48 | DEBUG    | WhatsAppWatcher | --- WhatsApp poll cycle ---
2026-04-22 22:54:48 | DEBUG    | WhatsAppWatcher | No unread chats found.
2026-04-22 22:54:48 | DEBUG    | WhatsAppWatcher | Sleeping 30s before next poll.
2026-04-22 22:55:18 | DEBUG    | WhatsAppWatcher | --- WhatsApp poll cycle ---
2026-04-22 22:55:18 | DEBUG    | WhatsAppWatcher | No unread chats found.
2026-04-22 22:55:18 | DEBUG    | WhatsAppWatcher | Sleeping 30s before next poll.
2026-04-22 22:55:48 | DEBUG    | WhatsAppWatcher | --- WhatsApp poll cycle ---
2026-04-22 22:55:48 | DEBUG    | WhatsAppWatcher | No unread chats found.
2026-04-22 22:55:48 | DEBUG    | WhatsAppWatcher | Sleeping 30s before next poll.
2026-04-22 22:56:18 | DEBUG    | WhatsAppWatcher | --- WhatsApp poll cycle ---
2026-04-22 22:56:18 | DEBUG    | WhatsAppWatcher | No unread chats found.
2026-04-22 22:56:18 | DEBUG    | WhatsAppWatcher | Sleeping 30s before next poll.
2026-04-22 22:56:48 | DEBUG    | WhatsAppWatcher | --- WhatsApp poll cycle ---
2026-04-22 22:56:48 | DEBUG    | WhatsAppWatcher | No unread chats found.
2026-04-22 22:56:48 | DEBUG    | WhatsAppWatcher | Sleeping 30s before next poll.
2026-04-22 22:57:18 | DEBUG    | WhatsAppWatcher | --- WhatsApp poll cycle ---
2026-04-22 22:57:18 | DEBUG    | WhatsAppWatcher | No unread chats found.
2026-04-22 22:57:18 | DEBUG    | WhatsAppWatcher | Sleeping 30s before next poll.
2026-04-22 22:57:48 | DEBUG    | WhatsAppWatcher | --- WhatsApp poll cycle ---
2026-04-22 22:57:48 | DEBUG    | WhatsAppWatcher | No unread chats found.
2026-04-22 22:57:48 | DEBUG    | WhatsAppWatcher | Sleeping 30s before next poll.
2026-04-22 22:58:18 | DEBUG    | WhatsAppWatcher | --- WhatsApp poll cycle ---
2026-04-22 22:58:18 | DEBUG    | WhatsAppWatcher | No unread chats found.
2026-04-22 22:58:18 | DEBUG    | WhatsAppWatcher | Sleeping 30s before next poll.
2026-04-22 22:58:48 | DEBUG    | WhatsAppWatcher | --- WhatsApp poll cycle ---
2026-04-22 22:58:48 | DEBUG    | WhatsAppWatcher | No unread chats found.
2026-04-22 22:58:48 | DEBUG    | WhatsAppWatcher | Sleeping 30s before next poll.
2026-04-22 22:59:18 | DEBUG    | WhatsAppWatcher | --- WhatsApp poll cycle ---
2026-04-22 22:59:18 | DEBUG    | WhatsAppWatcher | No unread chats found.
2026-04-22 22:59:18 | DEBUG    | WhatsAppWatcher | Sleeping 30s before next poll.
2026-04-22 22:59:48 | DEBUG    | WhatsAppWatcher | --- WhatsApp poll cycle ---
2026-04-22 22:59:48 | DEBUG    | WhatsAppWatcher | No unread chats found.
2026-04-22 22:59:48 | DEBUG    | WhatsAppWatcher | Sleeping 30s before next poll.
2026-04-22 23:00:18 | DEBUG    | WhatsAppWatcher | --- WhatsApp poll cycle ---
2026-04-22 23:00:19 | DEBUG    | WhatsAppWatcher | No unread chats found.
2026-04-22 23:00:19 | DEBUG    | WhatsAppWatcher | Sleeping 30s before next poll.
2026-04-22 23:00:49 | DEBUG    | WhatsAppWatcher | --- WhatsApp poll cycle ---
2026-04-22 23:00:49 | DEBUG    | WhatsAppWatcher | No unread chats found.
2026-04-22 23:00:49 | DEBUG    | WhatsAppWatcher | Sleeping 30s before next poll.
2026-04-22 23:01:19 | DEBUG    | WhatsAppWatcher | --- WhatsApp poll cycle ---
2026-04-22 23:01:19 | DEBUG    | WhatsAppWatcher | No unread chats found.
2026-04-22 23:01:19 | DEBUG    | WhatsAppWatcher | Sleeping 30s before next poll.
2026-04-22 23:01:49 | DEBUG    | WhatsAppWatcher | --- WhatsApp poll cycle ---
2026-04-22 23:01:49 | DEBUG    | WhatsAppWatcher | No unread chats found.
2026-04-22 23:01:49 | DEBUG    | WhatsAppWatcher | Sleeping 30s before next poll.
2026-04-22 23:02:19 | DEBUG    | WhatsAppWatcher | --- WhatsApp poll cycle ---
2026-04-22 23:02:19 | DEBUG    | WhatsAppWatcher | No unread chats found.
2026-04-22 23:02:19 | DEBUG    | WhatsAppWatcher | Sleeping 30s before next poll.
2026-04-22 23:02:49 | DEBUG    | WhatsAppWatcher | --- WhatsApp poll cycle ---
2026-04-22 23:02:49 | DEBUG    | WhatsAppWatcher | No unread chats found.
2026-04-22 23:02:49 | DEBUG    | WhatsAppWatcher | Sleeping 30s before next poll.
2026-04-22 23:03:19 | DEBUG    | WhatsAppWatcher | --- WhatsApp poll cycle ---
2026-04-22 23:03:19 | DEBUG    | WhatsAppWatcher | No unread chats found.
2026-04-22 23:03:19 | DEBUG    | WhatsAppWatcher | Sleeping 30s before next poll.
2026-04-22 23:03:49 | DEBUG    | WhatsAppWatcher | --- WhatsApp poll cycle ---
2026-04-22 23:03:49 | DEBUG    | WhatsAppWatcher | No unread chats found.
2026-04-22 23:03:49 | DEBUG    | WhatsAppWatcher | Sleeping 30s before next poll.
2026-04-22 23:04:19 | DEBUG    | WhatsAppWatcher | --- WhatsApp poll cycle ---
2026-04-22 23:04:19 | DEBUG    | WhatsAppWatcher | No unread chats found.
2026-04-22 23:04:19 | DEBUG    | WhatsAppWatcher | Sleeping 30s before next poll.
2026-04-22 23:04:49 | DEBUG    | WhatsAppWatcher | --- WhatsApp poll cycle ---
2026-04-22 23:04:49 | DEBUG    | WhatsAppWatcher | No unread chats found.
2026-04-22 23:04:49 | DEBUG    | WhatsAppWatcher | Sleeping 30s before next poll.
2026-04-22 23:05:19 | DEBUG    | WhatsAppWatcher | --- WhatsApp poll cycle ---
2026-04-22 23:05:19 | DEBUG    | WhatsAppWatcher | No unread chats found.
2026-04-22 23:05:19 | DEBUG    | WhatsAppWatcher | Sleeping 30s before next poll.
2026-04-22 23:05:49 | DEBUG    | WhatsAppWatcher | --- WhatsApp poll cycle ---
2026-04-22 23:05:49 | DEBUG    | WhatsAppWatcher | No unread chats found.
2026-04-22 23:05:49 | DEBUG    | WhatsAppWatcher | Sleeping 30s before next poll.
2026-04-22 23:06:19 | DEBUG    | WhatsAppWatcher | --- WhatsApp poll cycle ---
2026-04-22 23:06:19 | DEBUG    | WhatsAppWatcher | No unread chats found.
2026-04-22 23:06:19 | DEBUG    | WhatsAppWatcher | Sleeping 30s before next poll.
2026-04-22 23:06:49 | DEBUG    | WhatsAppWatcher | --- WhatsApp poll cycle ---
2026-04-22 23:06:49 | DEBUG    | WhatsAppWatcher | No unread chats found.
2026-04-22 23:06:49 | DEBUG    | WhatsAppWatcher | Sleeping 30s before next poll.
2026-04-22 23:07:19 | DEBUG    | WhatsAppWatcher | --- WhatsApp poll cycle ---
2026-04-22 23:07:19 | DEBUG    | WhatsAppWatcher | No unread chats found.
2026-04-22 23:07:19 | DEBUG    | WhatsAppWatcher | Sleeping 30s before next poll.
2026-04-22 23:07:49 | DEBUG    | WhatsAppWatcher | --- WhatsApp poll cycle ---
2026-04-22 23:07:49 | DEBUG    | WhatsAppWatcher | No unread chats found.
2026-04-22 23:07:49 | DEBUG    | WhatsAppWatcher | Sleeping 30s before next poll.
2026-04-22 23:08:19 | DEBUG    | WhatsAppWatcher | --- WhatsApp poll cycle ---
2026-04-22 23:08:19 | DEBUG    | WhatsAppWatcher | No unread chats found.
2026-04-22 23:08:19 | DEBUG    | WhatsAppWatcher | Sleeping 30s before next poll.
2026-04-22 23:08:49 | DEBUG    | WhatsAppWatcher | --- WhatsApp poll cycle ---
2026-04-22 23:08:49 | DEBUG    | WhatsAppWatcher | No unread chats found.
2026-04-22 23:08:49 | DEBUG    | WhatsAppWatcher | Sleeping 30s before next poll.
2026-04-22 23:09:19 | DEBUG    | WhatsAppWatcher | --- WhatsApp poll cycle ---
2026-04-22 23:09:19 | DEBUG    | WhatsAppWatcher | No unread chats found.
2026-04-22 23:09:19 | DEBUG    | WhatsAppWatcher | Sleeping 30s before next poll.
2026-04-22 23:09:49 | DEBUG    | WhatsAppWatcher | --- WhatsApp poll cycle ---
2026-04-22 23:09:49 | DEBUG    | WhatsAppWatcher | No unread chats found.
2026-04-22 23:09:49 | DEBUG    | WhatsAppWatcher | Sleeping 30s before next poll.
2026-04-22 23:10:19 | DEBUG    | WhatsAppWatcher | --- WhatsApp poll cycle ---
2026-04-22 23:10:19 | DEBUG    | WhatsAppWatcher | No unread chats found.
2026-04-22 23:10:19 | DEBUG    | WhatsAppWatcher | Sleeping 30s before next poll.
2026-04-22 23:10:49 | DEBUG    | WhatsAppWatcher | --- WhatsApp poll cycle ---
2026-04-22 23:10:49 | DEBUG    | WhatsAppWatcher | No unread chats found.
2026-04-22 23:10:49 | DEBUG    | WhatsAppWatcher | Sleeping 30s before next poll.
2026-04-22 23:11:19 | DEBUG    | WhatsAppWatcher | --- WhatsApp poll cycle ---
2026-04-22 23:11:19 | DEBUG    | WhatsAppWatcher | No unread chats found.
2026-04-22 23:11:19 | DEBUG    | WhatsAppWatcher | Sleeping 30s before next poll.
2026-04-22 23:11:49 | DEBUG    | WhatsAppWatcher | --- WhatsApp poll cycle ---
2026-04-22 23:11:49 | DEBUG    | WhatsAppWatcher | No unread chats found.
2026-04-22 23:11:49 | DEBUG    | WhatsAppWatcher | Sleeping 30s before next poll.
2026-04-22 23:12:19 | DEBUG    | WhatsAppWatcher | --- WhatsApp poll cycle ---
2026-04-22 23:12:19 | DEBUG    | WhatsAppWatcher | No unread chats found.
2026-04-22 23:12:19 | DEBUG    | WhatsAppWatcher | Sleeping 30s before next poll.
2026-04-22 23:12:49 | DEBUG    | WhatsAppWatcher | --- WhatsApp poll cycle ---
2026-04-22 23:12:51 | DEBUG    | WhatsAppWatcher | No unread chats found.
2026-04-22 23:12:51 | DEBUG    | WhatsAppWatcher | Sleeping 30s before next poll.
2026-04-22 23:13:21 | DEBUG    | WhatsAppWatcher | --- WhatsApp poll cycle ---
2026-04-22 23:13:21 | DEBUG    | WhatsAppWatcher | No unread chats found.
2026-04-22 23:13:21 | DEBUG    | WhatsAppWatcher | Sleeping 30s before next poll.
2026-04-22 23:13:51 | DEBUG    | WhatsAppWatcher | --- WhatsApp poll cycle ---
2026-04-22 23:13:51 | DEBUG    | WhatsAppWatcher | No unread chats found.
2026-04-22 23:13:51 | DEBUG    | WhatsAppWatcher | Sleeping 30s before next poll.
2026-04-22 23:14:21 | DEBUG    | WhatsAppWatcher | --- WhatsApp poll cycle ---
2026-04-22 23:14:21 | DEBUG    | WhatsAppWatcher | No unread chats found.
2026-04-22 23:14:21 | DEBUG    | WhatsAppWatcher | Sleeping 30s before next poll.
2026-04-22 23:14:51 | DEBUG    | WhatsAppWatcher | --- WhatsApp poll cycle ---
2026-04-22 23:14:52 | DEBUG    | WhatsAppWatcher | No unread chats found.
2026-04-22 23:14:52 | DEBUG    | WhatsAppWatcher | Sleeping 30s before next poll.
2026-04-22 23:15:22 | DEBUG    | WhatsAppWatcher | --- WhatsApp poll cycle ---
2026-04-22 23:15:22 | DEBUG    | WhatsAppWatcher | No unread chats found.
2026-04-22 23:15:22 | DEBUG    | WhatsAppWatcher | Sleeping 30s before next poll.
2026-04-22 23:15:52 | DEBUG    | WhatsAppWatcher | --- WhatsApp poll cycle ---
2026-04-22 23:15:52 | DEBUG    | WhatsAppWatcher | No unread chats found.
2026-04-22 23:15:52 | DEBUG    | WhatsAppWatcher | Sleeping 30s before next poll.
2026-04-22 23:16:22 | DEBUG    | WhatsAppWatcher | --- WhatsApp poll cycle ---
2026-04-22 23:16:22 | DEBUG    | WhatsAppWatcher | No unread chats found.
2026-04-22 23:16:22 | DEBUG    | WhatsAppWatcher | Sleeping 30s before next poll.
2026-04-22 23:16:52 | DEBUG    | WhatsAppWatcher | --- WhatsApp poll cycle ---
2026-04-22 23:16:52 | DEBUG    | WhatsAppWatcher | No unread chats found.
2026-04-22 23:16:52 | DEBUG    | WhatsAppWatcher | Sleeping 30s before next poll.
2026-04-22 23:17:22 | DEBUG    | WhatsAppWatcher | --- WhatsApp poll cycle ---
2026-04-22 23:17:22 | DEBUG    | WhatsAppWatcher | No unread chats found.
2026-04-22 23:17:22 | DEBUG    | WhatsAppWatcher | Sleeping 30s before next poll.
2026-04-22 23:17:52 | DEBUG    | WhatsAppWatcher | --- WhatsApp poll cycle ---
2026-04-22 23:17:52 | DEBUG    | WhatsAppWatcher | No unread chats found.
2026-04-22 23:17:52 | DEBUG    | WhatsAppWatcher | Sleeping 30s before next poll.
2026-04-22 23:18:22 | DEBUG    | WhatsAppWatcher | --- WhatsApp poll cycle ---
2026-04-22 23:18:22 | DEBUG    | WhatsAppWatcher | No unread chats found.
2026-04-22 23:18:22 | DEBUG    | WhatsAppWatcher | Sleeping 30s before next poll.
2026-04-22 23:18:52 | DEBUG    | WhatsAppWatcher | --- WhatsApp poll cycle ---
2026-04-22 23:18:52 | DEBUG    | WhatsAppWatcher | No unread chats found.
2026-04-22 23:18:52 | DEBUG    | WhatsAppWatcher | Sleeping 30s before next poll.
2026-04-22 23:19:22 | DEBUG    | WhatsAppWatcher | --- WhatsApp poll cycle ---
2026-04-22 23:19:22 | DEBUG    | WhatsAppWatcher | No unread chats found.
2026-04-22 23:19:22 | DEBUG    | WhatsAppWatcher | Sleeping 30s before next poll.
2026-04-22 23:19:52 | DEBUG    | WhatsAppWatcher | --- WhatsApp poll cycle ---
2026-04-22 23:19:52 | DEBUG    | WhatsAppWatcher | No unread chats found.
2026-04-22 23:19:52 | DEBUG    | WhatsAppWatcher | Sleeping 30s before next poll.
2026-04-22 23:20:22 | DEBUG    | WhatsAppWatcher | --- WhatsApp poll cycle ---
2026-04-22 23:20:22 | DEBUG    | WhatsAppWatcher | No unread chats found.
2026-04-22 23:20:22 | DEBUG    | WhatsAppWatcher | Sleeping 30s before next poll.
2026-04-22 23:20:52 | DEBUG    | WhatsAppWatcher | --- WhatsApp poll cycle ---
2026-04-22 23:20:52 | DEBUG    | WhatsAppWatcher | No unread chats found.
2026-04-22 23:20:52 | DEBUG    | WhatsAppWatcher | Sleeping 30s before next poll.
2026-04-22 23:21:22 | DEBUG    | WhatsAppWatcher | --- WhatsApp poll cycle ---
2026-04-22 23:21:22 | DEBUG    | WhatsAppWatcher | No unread chats found.
2026-04-22 23:21:22 | DEBUG    | WhatsAppWatcher | Sleeping 30s before next poll.
2026-04-22 23:21:52 | DEBUG    | WhatsAppWatcher | --- WhatsApp poll cycle ---
2026-04-22 23:21:52 | DEBUG    | WhatsAppWatcher | No unread chats found.
2026-04-22 23:21:52 | DEBUG    | WhatsAppWatcher | Sleeping 30s before next poll.
2026-04-22 23:22:22 | DEBUG    | WhatsAppWatcher | --- WhatsApp poll cycle ---
2026-04-22 23:22:22 | DEBUG    | WhatsAppWatcher | No unread chats found.
2026-04-22 23:22:22 | DEBUG    | WhatsAppWatcher | Sleeping 30s before next poll.
2026-04-22 23:22:52 | DEBUG    | WhatsAppWatcher | --- WhatsApp poll cycle ---
2026-04-22 23:22:52 | DEBUG    | WhatsAppWatcher | No unread chats found.
2026-04-22 23:22:52 | DEBUG    | WhatsAppWatcher | Sleeping 30s before next poll.
2026-04-22 23:23:22 | DEBUG    | WhatsAppWatcher | --- WhatsApp poll cycle ---
2026-04-22 23:23:22 | DEBUG    | WhatsAppWatcher | No unread chats found.
2026-04-22 23:23:22 | DEBUG    | WhatsAppWatcher | Sleeping 30s before next poll.
2026-04-22 23:23:52 | DEBUG    | WhatsAppWatcher | --- WhatsApp poll cycle ---
2026-04-22 23:23:52 | DEBUG    | WhatsAppWatcher | No unread chats found.
2026-04-22 23:23:52 | DEBUG    | WhatsAppWatcher | Sleeping 30s before next poll.
2026-04-22 23:24:22 | DEBUG    | WhatsAppWatcher | --- WhatsApp poll cycle ---
2026-04-22 23:24:22 | DEBUG    | WhatsAppWatcher | No unread chats found.
2026-04-22 23:24:22 | DEBUG    | WhatsAppWatcher | Sleeping 30s before next poll.
2026-04-22 23:24:52 | DEBUG    | WhatsAppWatcher | --- WhatsApp poll cycle ---
2026-04-22 23:24:52 | DEBUG    | WhatsAppWatcher | No unread chats found.
2026-04-22 23:24:52 | DEBUG    | WhatsAppWatcher | Sleeping 30s before next poll.
2026-04-22 23:25:22 | DEBUG    | WhatsAppWatcher | --- WhatsApp poll cycle ---
2026-04-22 23:25:22 | DEBUG    | WhatsAppWatcher | No unread chats found.
2026-04-22 23:25:22 | DEBUG    | WhatsAppWatcher | Sleeping 30s before next poll.
2026-04-22 23:25:52 | DEBUG    | WhatsAppWatcher | --- WhatsApp poll cycle ---
2026-04-22 23:25:52 | DEBUG    | WhatsAppWatcher | No unread chats found.
2026-04-22 23:25:52 | DEBUG    | WhatsAppWatcher | Sleeping 30s before next poll.
2026-04-22 23:26:22 | DEBUG    | WhatsAppWatcher | --- WhatsApp poll cycle ---
2026-04-22 23:26:22 | DEBUG    | WhatsAppWatcher | No unread chats found.
2026-04-22 23:26:22 | DEBUG    | WhatsAppWatcher | Sleeping 30s before next poll.
2026-04-22 23:26:52 | DEBUG    | WhatsAppWatcher | --- WhatsApp poll cycle ---
2026-04-22 23:26:52 | DEBUG    | WhatsAppWatcher | No unread chats found.
2026-04-22 23:26:52 | DEBUG    | WhatsAppWatcher | Sleeping 30s before next poll.
2026-04-22 23:27:22 | DEBUG    | WhatsAppWatcher | --- WhatsApp poll cycle ---
2026-04-22 23:27:23 | DEBUG    | WhatsAppWatcher | No unread chats found.
2026-04-22 23:27:23 | DEBUG    | WhatsAppWatcher | Sleeping 30s before next poll.
2026-04-22 23:27:53 | DEBUG    | WhatsAppWatcher | --- WhatsApp poll cycle ---
2026-04-22 23:27:53 | DEBUG    | WhatsAppWatcher | No unread chats found.
2026-04-22 23:27:53 | DEBUG    | WhatsAppWatcher | Sleeping 30s before next poll.
2026-04-22 23:28:23 | DEBUG    | WhatsAppWatcher | --- WhatsApp poll cycle ---
2026-04-22 23:28:23 | DEBUG    | WhatsAppWatcher | No unread chats found.
2026-04-22 23:28:23 | DEBUG    | WhatsAppWatcher | Sleeping 30s before next poll.
2026-04-22 23:28:53 | DEBUG    | WhatsAppWatcher | --- WhatsApp poll cycle ---
2026-04-22 23:28:53 | DEBUG    | WhatsAppWatcher | No unread chats found.
2026-04-22 23:28:53 | DEBUG    | WhatsAppWatcher | Sleeping 30s before next poll.
2026-04-22 23:29:23 | DEBUG    | WhatsAppWatcher | --- WhatsApp poll cycle ---
2026-04-22 23:29:23 | DEBUG    | WhatsAppWatcher | No unread chats found.
2026-04-22 23:29:23 | DEBUG    | WhatsAppWatcher | Sleeping 30s before next poll.
2026-04-22 23:29:53 | DEBUG    | WhatsAppWatcher | --- WhatsApp poll cycle ---
2026-04-22 23:29:53 | DEBUG    | WhatsAppWatcher | No unread chats found.
2026-04-22 23:29:53 | DEBUG    | WhatsAppWatcher | Sleeping 30s before next poll.
2026-04-22 23:30:23 | DEBUG    | WhatsAppWatcher | --- WhatsApp poll cycle ---
2026-04-22 23:30:23 | DEBUG    | WhatsAppWatcher | No unread chats found.
2026-04-22 23:30:23 | DEBUG    | WhatsAppWatcher | Sleeping 30s before next poll.
2026-04-22 23:30:53 | DEBUG    | WhatsAppWatcher | --- WhatsApp poll cycle ---
2026-04-22 23:30:53 | DEBUG    | WhatsAppWatcher | No unread chats found.
2026-04-22 23:30:53 | DEBUG    | WhatsAppWatcher | Sleeping 30s before next poll.
2026-04-22 23:31:23 | DEBUG    | WhatsAppWatcher | --- WhatsApp poll cycle ---
2026-04-22 23:31:23 | DEBUG    | WhatsAppWatcher | No unread chats found.
2026-04-22 23:31:23 | DEBUG    | WhatsAppWatcher | Sleeping 30s before next poll.
2026-04-22 23:31:53 | DEBUG    | WhatsAppWatcher | --- WhatsApp poll cycle ---
2026-04-22 23:31:53 | DEBUG    | WhatsAppWatcher | No unread chats found.
2026-04-22 23:31:53 | DEBUG    | WhatsAppWatcher | Sleeping 30s before next poll.
2026-04-22 23:32:23 | DEBUG    | WhatsAppWatcher | --- WhatsApp poll cycle ---
2026-04-22 23:32:23 | DEBUG    | WhatsAppWatcher | No unread chats found.
2026-04-22 23:32:23 | DEBUG    | WhatsAppWatcher | Sleeping 30s before next poll.
2026-04-22 23:32:53 | DEBUG    | WhatsAppWatcher | --- WhatsApp poll cycle ---
2026-04-22 23:32:53 | DEBUG    | WhatsAppWatcher | No unread chats found.
2026-04-22 23:32:53 | DEBUG    | WhatsAppWatcher | Sleeping 30s before next poll.
2026-04-22 23:33:23 | DEBUG    | WhatsAppWatcher | --- WhatsApp poll cycle ---
2026-04-22 23:33:23 | DEBUG    | WhatsAppWatcher | No unread chats found.
2026-04-22 23:33:23 | DEBUG    | WhatsAppWatcher | Sleeping 30s before next poll.
2026-04-22 23:33:53 | DEBUG    | WhatsAppWatcher | --- WhatsApp poll cycle ---
2026-04-22 23:33:53 | DEBUG    | WhatsAppWatcher | No unread chats found.
2026-04-22 23:33:53 | DEBUG    | WhatsAppWatcher | Sleeping 30s before next poll.
2026-04-22 23:34:23 | DEBUG    | WhatsAppWatcher | --- WhatsApp poll cycle ---
2026-04-22 23:34:23 | DEBUG    | WhatsAppWatcher | No unread chats found.
2026-04-22 23:34:23 | DEBUG    | WhatsAppWatcher | Sleeping 30s before next poll.
2026-04-22 23:34:53 | DEBUG    | WhatsAppWatcher | --- WhatsApp poll cycle ---
2026-04-22 23:34:53 | DEBUG    | WhatsAppWatcher | No unread chats found.
2026-04-22 23:34:53 | DEBUG    | WhatsAppWatcher | Sleeping 30s before next poll.
2026-04-22 23:35:23 | DEBUG    | WhatsAppWatcher | --- WhatsApp poll cycle ---
2026-04-22 23:35:23 | DEBUG    | WhatsAppWatcher | No unread chats found.
2026-04-22 23:35:23 | DEBUG    | WhatsAppWatcher | Sleeping 30s before next poll.
2026-04-22 23:35:53 | DEBUG    | WhatsAppWatcher | --- WhatsApp poll cycle ---
2026-04-22 23:35:53 | DEBUG    | WhatsAppWatcher | No unread chats found.
2026-04-22 23:35:53 | DEBUG    | WhatsAppWatcher | Sleeping 30s before next poll.
2026-04-22 23:36:23 | DEBUG    | WhatsAppWatcher | --- WhatsApp poll cycle ---
2026-04-22 23:36:23 | DEBUG    | WhatsAppWatcher | No unread chats found.
2026-04-22 23:36:23 | DEBUG    | WhatsAppWatcher | Sleeping 30s before next poll.
2026-04-22 23:36:53 | DEBUG    | WhatsAppWatcher | --- WhatsApp poll cycle ---
2026-04-22 23:36:53 | DEBUG    | WhatsAppWatcher | No unread chats found.
2026-04-22 23:36:53 | DEBUG    | WhatsAppWatcher | Sleeping 30s before next poll.
2026-04-22 23:37:23 | DEBUG    | WhatsAppWatcher | --- WhatsApp poll cycle ---
2026-04-22 23:37:23 | DEBUG    | WhatsAppWatcher | No unread chats found.
2026-04-22 23:37:23 | DEBUG    | WhatsAppWatcher | Sleeping 30s before next poll.
2026-04-22 23:37:53 | DEBUG    | WhatsAppWatcher | --- WhatsApp poll cycle ---
2026-04-22 23:37:53 | DEBUG    | WhatsAppWatcher | No unread chats found.
2026-04-22 23:37:53 | DEBUG    | WhatsAppWatcher | Sleeping 30s before next poll.
2026-04-22 23:38:23 | DEBUG    | WhatsAppWatcher | --- WhatsApp poll cycle ---
2026-04-22 23:38:23 | DEBUG    | WhatsAppWatcher | No unread chats found.
2026-04-22 23:38:23 | DEBUG    | WhatsAppWatcher | Sleeping 30s before next poll.
2026-04-22 23:38:53 | DEBUG    | WhatsAppWatcher | --- WhatsApp poll cycle ---
2026-04-22 23:38:59 | DEBUG    | WhatsAppWatcher | No unread chats found.
2026-04-22 23:38:59 | DEBUG    | WhatsAppWatcher | Sleeping 30s before next poll.
2026-04-22 23:39:29 | DEBUG    | WhatsAppWatcher | --- WhatsApp poll cycle ---
2026-04-22 23:39:29 | DEBUG    | WhatsAppWatcher | No unread chats found.
2026-04-22 23:39:29 | DEBUG    | WhatsAppWatcher | Sleeping 30s before next poll.
2026-04-22 23:39:59 | DEBUG    | WhatsAppWatcher | --- WhatsApp poll cycle ---
2026-04-22 23:39:59 | DEBUG    | WhatsAppWatcher | No unread chats found.
2026-04-22 23:39:59 | DEBUG    | WhatsAppWatcher | Sleeping 30s before next poll.
2026-04-22 23:40:29 | DEBUG    | WhatsAppWatcher | --- WhatsApp poll cycle ---
2026-04-22 23:40:29 | DEBUG    | WhatsAppWatcher | No unread chats found.
2026-04-22 23:40:29 | DEBUG    | WhatsAppWatcher | Sleeping 30s before next poll.
2026-04-22 23:40:59 | DEBUG    | WhatsAppWatcher | --- WhatsApp poll cycle ---
2026-04-22 23:40:59 | DEBUG    | WhatsAppWatcher | No unread chats found.
2026-04-22 23:40:59 | DEBUG    | WhatsAppWatcher | Sleeping 30s before next poll.
2026-04-22 23:41:29 | DEBUG    | WhatsAppWatcher | --- WhatsApp poll cycle ---
2026-04-22 23:41:29 | DEBUG    | WhatsAppWatcher | No unread chats found.
2026-04-22 23:41:29 | DEBUG    | WhatsAppWatcher | Sleeping 30s before next poll.
2026-04-22 23:41:59 | DEBUG    | WhatsAppWatcher | --- WhatsApp poll cycle ---
2026-04-22 23:41:59 | DEBUG    | WhatsAppWatcher | No unread chats found.
2026-04-22 23:41:59 | DEBUG    | WhatsAppWatcher | Sleeping 30s before next poll.
2026-04-22 23:42:29 | DEBUG    | WhatsAppWatcher | --- WhatsApp poll cycle ---
2026-04-22 23:42:29 | DEBUG    | WhatsAppWatcher | No unread chats found.
2026-04-22 23:42:29 | DEBUG    | WhatsAppWatcher | Sleeping 30s before next poll.
2026-04-22 23:42:59 | DEBUG    | WhatsAppWatcher | --- WhatsApp poll cycle ---
2026-04-22 23:42:59 | DEBUG    | WhatsAppWatcher | No unread chats found.
2026-04-22 23:42:59 | DEBUG    | WhatsAppWatcher | Sleeping 30s before next poll.
2026-04-22 23:43:29 | DEBUG    | WhatsAppWatcher | --- WhatsApp poll cycle ---
2026-04-22 23:43:29 | DEBUG    | WhatsAppWatcher | No unread chats found.
2026-04-22 23:43:29 | DEBUG    | WhatsAppWatcher | Sleeping 30s before next poll.
2026-04-22 23:43:59 | DEBUG    | WhatsAppWatcher | --- WhatsApp poll cycle ---
2026-04-22 23:44:00 | DEBUG    | WhatsAppWatcher | No unread chats found.
2026-04-22 23:44:00 | DEBUG    | WhatsAppWatcher | Sleeping 30s before next poll.
2026-04-22 23:44:30 | DEBUG    | WhatsAppWatcher | --- WhatsApp poll cycle ---
2026-04-22 23:44:30 | DEBUG    | WhatsAppWatcher | No unread chats found.
2026-04-22 23:44:30 | DEBUG    | WhatsAppWatcher | Sleeping 30s before next poll.
2026-04-22 23:45:00 | DEBUG    | WhatsAppWatcher | --- WhatsApp poll cycle ---
2026-04-22 23:45:00 | DEBUG    | WhatsAppWatcher | No unread chats found.
2026-04-22 23:45:00 | DEBUG    | WhatsAppWatcher | Sleeping 30s before next poll.
2026-04-22 23:45:30 | DEBUG    | WhatsAppWatcher | --- WhatsApp poll cycle ---
2026-04-22 23:45:30 | DEBUG    | WhatsAppWatcher | No unread chats found.
2026-04-22 23:45:30 | DEBUG    | WhatsAppWatcher | Sleeping 30s before next poll.
2026-04-22 23:46:00 | DEBUG    | WhatsAppWatcher | --- WhatsApp poll cycle ---
2026-04-22 23:46:00 | DEBUG    | WhatsAppWatcher | No unread chats found.
2026-04-22 23:46:00 | DEBUG    | WhatsAppWatcher | Sleeping 30s before next poll.
2026-04-22 23:46:30 | DEBUG    | WhatsAppWatcher | --- WhatsApp poll cycle ---
2026-04-22 23:46:30 | DEBUG    | WhatsAppWatcher | No unread chats found.
2026-04-22 23:46:30 | DEBUG    | WhatsAppWatcher | Sleeping 30s before next poll.
2026-04-22 23:47:00 | DEBUG    | WhatsAppWatcher | --- WhatsApp poll cycle ---
2026-04-22 23:47:00 | DEBUG    | WhatsAppWatcher | No unread chats found.
2026-04-22 23:47:00 | DEBUG    | WhatsAppWatcher | Sleeping 30s before next poll.
2026-04-22 23:47:30 | DEBUG    | WhatsAppWatcher | --- WhatsApp poll cycle ---
2026-04-22 23:47:30 | DEBUG    | WhatsAppWatcher | No unread chats found.
2026-04-22 23:47:30 | DEBUG    | WhatsAppWatcher | Sleeping 30s before next poll.
2026-04-22 23:48:00 | DEBUG    | WhatsAppWatcher | --- WhatsApp poll cycle ---
2026-04-22 23:48:00 | DEBUG    | WhatsAppWatcher | No unread chats found.
2026-04-22 23:48:00 | DEBUG    | WhatsAppWatcher | Sleeping 30s before next poll.
2026-04-22 23:48:30 | DEBUG    | WhatsAppWatcher | --- WhatsApp poll cycle ---
2026-04-22 23:48:30 | DEBUG    | WhatsAppWatcher | No unread chats found.
2026-04-22 23:48:30 | DEBUG    | WhatsAppWatcher | Sleeping 30s before next poll.
2026-04-22 23:49:00 | DEBUG    | WhatsAppWatcher | --- WhatsApp poll cycle ---
2026-04-22 23:49:00 | DEBUG    | WhatsAppWatcher | No unread chats found.
2026-04-22 23:49:00 | DEBUG    | WhatsAppWatcher | Sleeping 30s before next poll.
2026-04-22 23:49:30 | DEBUG    | WhatsAppWatcher | --- WhatsApp poll cycle ---
2026-04-22 23:49:30 | DEBUG    | WhatsAppWatcher | No unread chats found.
2026-04-22 23:49:30 | DEBUG    | WhatsAppWatcher | Sleeping 30s before next poll.
2026-04-22 23:50:00 | DEBUG    | WhatsAppWatcher | --- WhatsApp poll cycle ---
2026-04-22 23:50:00 | DEBUG    | WhatsAppWatcher | No unread chats found.
2026-04-22 23:50:00 | DEBUG    | WhatsAppWatcher | Sleeping 30s before next poll.
2026-04-22 23:50:30 | DEBUG    | WhatsAppWatcher | --- WhatsApp poll cycle ---
2026-04-22 23:50:30 | DEBUG    | WhatsAppWatcher | No unread chats found.
2026-04-22 23:50:30 | DEBUG    | WhatsAppWatcher | Sleeping 30s before next poll.
2026-04-22 23:51:00 | DEBUG    | WhatsAppWatcher | --- WhatsApp poll cycle ---
2026-04-22 23:51:00 | DEBUG    | WhatsAppWatcher | No unread chats found.
2026-04-22 23:51:00 | DEBUG    | WhatsAppWatcher | Sleeping 30s before next poll.
2026-04-22 23:51:30 | DEBUG    | WhatsAppWatcher | --- WhatsApp poll cycle ---
2026-04-22 23:51:31 | DEBUG    | WhatsAppWatcher | No unread chats found.
2026-04-22 23:51:31 | DEBUG    | WhatsAppWatcher | Sleeping 30s before next poll.
2026-04-22 23:52:01 | DEBUG    | WhatsAppWatcher | --- WhatsApp poll cycle ---
2026-04-22 23:52:01 | DEBUG    | WhatsAppWatcher | No unread chats found.
2026-04-22 23:52:01 | DEBUG    | WhatsAppWatcher | Sleeping 30s before next poll.
2026-04-23 09:21:08 | INFO     | WhatsAppWatcher | Vault root   : D:\Hackthon_0\silver_tier_3
2026-04-23 09:21:08 | INFO     | WhatsAppWatcher | Destination  : D:\Hackthon_0\silver_tier_3\Needs_Action
2026-04-23 09:21:08 | INFO     | WhatsAppWatcher | Profile dir  : D:\Hackthon_0\silver_tier_3\Logs\whatsapp_profile
2026-04-23 09:21:08 | INFO     | WhatsAppWatcher | Keywords     : ['urgent', 'invoice', 'payment', 'pricing', 'asap']
2026-04-23 09:21:08 | INFO     | WhatsAppWatcher | Poll interval: 30s
2026-04-23 09:21:08 | INFO     | WhatsAppWatcher | Headless     : False
2026-04-23 09:21:08 | INFO     | WhatsAppWatcher | Launching Chromium (headless=False)…
2026-04-23 09:21:13 | INFO     | WhatsAppWatcher | Browser started.
2026-04-23 09:21:13 | INFO     | WhatsAppWatcher | Navigating to WhatsApp Web…
2026-04-23 09:21:29 | INFO     | WhatsAppWatcher | WhatsApp Web loaded and logged in.
2026-04-23 09:21:29 | INFO     | WhatsAppWatcher | WhatsAppWatcher started. Press Ctrl+C to stop.
2026-04-23 09:21:29 | DEBUG    | WhatsAppWatcher | --- WhatsApp poll cycle ---
2026-04-23 09:21:30 | DEBUG    | WhatsAppWatcher | No unread chats found.
2026-04-23 09:21:30 | DEBUG    | WhatsAppWatcher | Sleeping 30s before next poll.
2026-04-23 09:21:48 | WARNING  | WhatsAppWatcher | Error stopping browser: BrowserContext.close: Connection closed while reading from the driver
2026-04-23 09:21:48 | INFO     | WhatsAppWatcher | Browser stopped.
